#
# There is insufficient memory for the Java Runtime Environment to continue.
# Native memory allocation (mmap) failed to map 37748736 bytes. Error detail: G1 virtual space
# Possible reasons:
#   The system is out of physical RAM or swap space
#   This process is running with CompressedOops enabled, and the Java Heap may be blocking the growth of the native heap
# Possible solutions:
#   Reduce memory load on the system
#   Increase physical memory or swap space
#   Check if swap backing store is full
#   Decrease Java heap size (-Xmx/-Xms)
#   Decrease number of Java threads
#   Decrease Java thread stack sizes (-Xss)
#   Set larger code cache with -XX:ReservedCodeCacheSize=
#   JVM is running with Unscaled Compressed Oops mode in which the Java heap is
#     placed in the first 4GB address space. The Java Heap base address is the
#     maximum limit for the native heap growth. Please use -XX:HeapBaseMinAddress
#     to set the Java Heap base and to place the Java Heap above 4GB virtual address.
# This output file may be truncated or incomplete.
#
#  Out of Memory Error (os_windows.cpp:3825), pid=8816, tid=13036
#
# JRE version: OpenJDK Runtime Environment (17.0.11) (build 17.0.11+0--11852314)
# Java VM: OpenJDK 64-Bit Server VM (17.0.11+0--11852314, mixed mode, tiered, compressed oops, compressed class ptrs, g1 gc, windows-amd64)
# No core dump will be written. Minidumps are not enabled by default on client versions of Windows
#

---------------  S U M M A R Y ------------

Command Line: org.jetbrains.kotlin.cli.jvm.K2JVMCompiler @C:\Users\fredy\AndroidStudioProjects\ReservasGO_DADM\app\build\20250119_6106792935791045142.compiler.options

Host: AMD 3020e with Radeon Graphics                 , 2 cores, 3G,  Windows 11 , 64 bit Build 22621 (10.0.22621.4391)
Time: Sun Jan 19 12:36:48 2025 Hora estándar romance elapsed time: 147.856595 seconds (0d 0h 2m 27s)

---------------  T H R E A D  ---------------

Current thread (0x000001c87fb632b0):  VMThread "VM Thread" [stack: 0x0000005c3de00000,0x0000005c3df00000] [id=13036]

Stack: [0x0000005c3de00000,0x0000005c3df00000]
Native frames: (J=compiled Java code, j=interpreted, Vv=VM code, C=native code)
V  [jvm.dll+0x687bb9]
V  [jvm.dll+0x84142a]
V  [jvm.dll+0x8430ae]
V  [jvm.dll+0x843713]
V  [jvm.dll+0x24a35f]
V  [jvm.dll+0x684989]
V  [jvm.dll+0x67923a]
V  [jvm.dll+0x30af0b]
V  [jvm.dll+0x3123b6]
V  [jvm.dll+0x361dfe]
V  [jvm.dll+0x36202f]
V  [jvm.dll+0x2e0d38]
V  [jvm.dll+0x2e3e26]
V  [jvm.dll+0x2ee63a]
V  [jvm.dll+0x323270]
V  [jvm.dll+0x847e0b]
V  [jvm.dll+0x848b42]
V  [jvm.dll+0x84905d]
V  [jvm.dll+0x849434]
V  [jvm.dll+0x849500]
V  [jvm.dll+0x7efa4a]
V  [jvm.dll+0x686a35]
C  [ucrtbase.dll+0x29333]
C  [KERNEL32.DLL+0x1259d]
C  [ntdll.dll+0x5af38]

VM_Operation (0x0000005c3daffa10): G1PauseRemark, mode: safepoint, requested by thread 0x000001c87fb0db90


---------------  P R O C E S S  ---------------

Threads class SMR info:
_java_thread_list=0x000001c8164fd500, length=12, elements={
0x000001c87face8f0, 0x000001c816109260, 0x000001c81610a0e0, 0x000001c81613a8f0,
0x000001c81613f4c0, 0x000001c816141e90, 0x000001c816154010, 0x000001c816154c10,
0x000001c8164296f0, 0x000001c81642d3d0, 0x000001c81651da90, 0x000001c816547ca0
}

Java Threads: ( => current thread )
  0x000001c87face8f0 JavaThread "main" [_thread_blocked, id=6064, stack(0x0000005c3d800000,0x0000005c3d900000)]
  0x000001c816109260 JavaThread "Reference Handler" daemon [_thread_blocked, id=3376, stack(0x0000005c3df00000,0x0000005c3e000000)]
  0x000001c81610a0e0 JavaThread "Finalizer" daemon [_thread_blocked, id=14088, stack(0x0000005c3e000000,0x0000005c3e100000)]
  0x000001c81613a8f0 JavaThread "Signal Dispatcher" daemon [_thread_blocked, id=15096, stack(0x0000005c3e100000,0x0000005c3e200000)]
  0x000001c81613f4c0 JavaThread "Attach Listener" daemon [_thread_blocked, id=5320, stack(0x0000005c3e200000,0x0000005c3e300000)]
  0x000001c816141e90 JavaThread "Service Thread" daemon [_thread_blocked, id=4668, stack(0x0000005c3e300000,0x0000005c3e400000)]
  0x000001c816154010 JavaThread "Monitor Deflation Thread" daemon [_thread_blocked, id=5352, stack(0x0000005c3e400000,0x0000005c3e500000)]
  0x000001c816154c10 JavaThread "C2 CompilerThread0" daemon [_thread_blocked, id=4140, stack(0x0000005c3e500000,0x0000005c3e600000)]
  0x000001c8164296f0 JavaThread "C1 CompilerThread0" daemon [_thread_blocked, id=9124, stack(0x0000005c3e600000,0x0000005c3e700000)]
  0x000001c81642d3d0 JavaThread "Sweeper thread" daemon [_thread_blocked, id=3584, stack(0x0000005c3e700000,0x0000005c3e800000)]
  0x000001c81651da90 JavaThread "Notification Thread" daemon [_thread_blocked, id=12940, stack(0x0000005c3e800000,0x0000005c3e900000)]
  0x000001c816547ca0 JavaThread "Common-Cleaner" daemon [_thread_blocked, id=12640, stack(0x0000005c3ea00000,0x0000005c3eb00000)]

Other Threads:
=>0x000001c87fb632b0 VMThread "VM Thread" [stack: 0x0000005c3de00000,0x0000005c3df00000] [id=13036]
  0x000001c81609cdd0 WatcherThread [stack: 0x0000005c3e900000,0x0000005c3ea00000] [id=14864]
  0x000001c87fb05ec0 GCTaskThread "GC Thread#0" [stack: 0x0000005c3d900000,0x0000005c3da00000] [id=12784]
  0x000001c8166a8a80 GCTaskThread "GC Thread#1" [stack: 0x0000005c3eb00000,0x0000005c3ec00000] [id=12716]
  0x000001c87fb0db90 ConcurrentGCThread "G1 Main Marker" [stack: 0x0000005c3da00000,0x0000005c3db00000] [id=1844]
  0x000001c87fb0e5b0 ConcurrentGCThread "G1 Conc#0" [stack: 0x0000005c3db00000,0x0000005c3dc00000] [id=10496]
  0x000001c87fb41090 ConcurrentGCThread "G1 Refine#0" [stack: 0x0000005c3dc00000,0x0000005c3dd00000] [id=12608]
  0x000001c81b174040 ConcurrentGCThread "G1 Refine#1" [stack: 0x0000005c3ec00000,0x0000005c3ed00000] [id=9316]
  0x000001c87fb41ac0 ConcurrentGCThread "G1 Service" [stack: 0x0000005c3dd00000,0x0000005c3de00000] [id=10080]

Threads with active compile tasks:
C2 CompilerThread0   147932 11422   !   4       org.jetbrains.kotlin.metadata.jvm.JvmProtoBuf$StringTableTypes::<init> (495 bytes)

VM state: at safepoint (normal execution)

VM Mutex/Monitor currently owned by a thread:  ([mutex/lock_event])
[0x000001c87facaed0] Threads_lock - owner thread: 0x000001c87fb632b0
[0x000001c87faca6f0] Heap_lock - owner thread: 0x000001c87fb0db90

Heap address: 0x00000000c9400000, size: 876 MB, Compressed Oops mode: 32-bit

CDS archive(s) not mapped
Compressed class space mapped at: 0x0000000100000000-0x0000000140000000, reserved size: 1073741824
Narrow klass base: 0x0000000000000000, Narrow klass shift: 3, Narrow klass range: 0x140000000

GC Precious Log:
 CPUs: 2 total, 2 available
 Memory: 3503M
 Large Page Support: Disabled
 NUMA Support: Disabled
 Compressed Oops: Enabled (32-bit)
 Heap Region Size: 1M
 Heap Min Capacity: 8M
 Heap Initial Capacity: 56M
 Heap Max Capacity: 876M
 Pre-touch: Disabled
 Parallel Workers: 2
 Concurrent Workers: 1
 Concurrent Refinement Workers: 2
 Periodic GC: Disabled

Heap:
 garbage-first heap   total 142336K, used 105334K [0x00000000c9400000, 0x0000000100000000)
  region size 1024K, 17 young (17408K), 4 survivors (4096K)
 Metaspace       used 65958K, committed 66304K, reserved 1114112K
  class space    used 7388K, committed 7552K, reserved 1048576K

Heap Regions: E=young(eden), S=young(survivor), O=old, HS=humongous(starts), HC=humongous(continues), CS=collection set, F=free, OA=open archive, CA=closed archive, TAMS=top-at-mark-start (previous, next)
|   0|0x00000000c9400000, 0x00000000c9500000, 0x00000000c9500000|100%|HS|  |TAMS 0x00000000c9500000, 0x00000000c9400000| Complete 
|   1|0x00000000c9500000, 0x00000000c9600000, 0x00000000c9600000|100%|HC|  |TAMS 0x00000000c9600000, 0x00000000c9500000| Complete 
|   2|0x00000000c9600000, 0x00000000c9700000, 0x00000000c9700000|100%|HC|  |TAMS 0x00000000c9700000, 0x00000000c9600000| Complete 
|   3|0x00000000c9700000, 0x00000000c9800000, 0x00000000c9800000|100%|HC|  |TAMS 0x00000000c9800000, 0x00000000c9700000| Complete 
|   4|0x00000000c9800000, 0x00000000c9900000, 0x00000000c9900000|100%| O|  |TAMS 0x00000000c9900000, 0x00000000c9800000| Untracked 
|   5|0x00000000c9900000, 0x00000000c9a00000, 0x00000000c9a00000|100%| O|  |TAMS 0x00000000c9a00000, 0x00000000c9900000| Untracked 
|   6|0x00000000c9a00000, 0x00000000c9b00000, 0x00000000c9b00000|100%| O|  |TAMS 0x00000000c9b00000, 0x00000000c9a00000| Untracked 
|   7|0x00000000c9b00000, 0x00000000c9c00000, 0x00000000c9c00000|100%| O|  |TAMS 0x00000000c9c00000, 0x00000000c9b00000| Untracked 
|   8|0x00000000c9c00000, 0x00000000c9d00000, 0x00000000c9d00000|100%| O|  |TAMS 0x00000000c9d00000, 0x00000000c9c00000| Untracked 
|   9|0x00000000c9d00000, 0x00000000c9e00000, 0x00000000c9e00000|100%| O|  |TAMS 0x00000000c9e00000, 0x00000000c9d00000| Untracked 
|  10|0x00000000c9e00000, 0x00000000c9f00000, 0x00000000c9f00000|100%| O|  |TAMS 0x00000000c9f00000, 0x00000000c9e00000| Untracked 
|  11|0x00000000c9f00000, 0x00000000ca000000, 0x00000000ca000000|100%| O|  |TAMS 0x00000000ca000000, 0x00000000c9f00000| Untracked 
|  12|0x00000000ca000000, 0x00000000ca100000, 0x00000000ca100000|100%| O|  |TAMS 0x00000000ca100000, 0x00000000ca000000| Updating 
|  13|0x00000000ca100000, 0x00000000ca200000, 0x00000000ca200000|100%| O|  |TAMS 0x00000000ca200000, 0x00000000ca100000| Untracked 
|  14|0x00000000ca200000, 0x00000000ca300000, 0x00000000ca300000|100%| O|  |TAMS 0x00000000ca300000, 0x00000000ca200000| Untracked 
|  15|0x00000000ca300000, 0x00000000ca400000, 0x00000000ca400000|100%| O|  |TAMS 0x00000000ca400000, 0x00000000ca300000| Untracked 
|  16|0x00000000ca400000, 0x00000000ca500000, 0x00000000ca500000|100%| O|  |TAMS 0x00000000ca500000, 0x00000000ca400000| Untracked 
|  17|0x00000000ca500000, 0x00000000ca600000, 0x00000000ca600000|100%| O|  |TAMS 0x00000000ca600000, 0x00000000ca500000| Untracked 
|  18|0x00000000ca600000, 0x00000000ca700000, 0x00000000ca700000|100%| O|  |TAMS 0x00000000ca700000, 0x00000000ca600000| Updating 
|  19|0x00000000ca700000, 0x00000000ca800000, 0x00000000ca800000|100%| O|  |TAMS 0x00000000ca800000, 0x00000000ca700000| Updating 
|  20|0x00000000ca800000, 0x00000000ca900000, 0x00000000ca900000|100%| O|  |TAMS 0x00000000ca900000, 0x00000000ca800000| Untracked 
|  21|0x00000000ca900000, 0x00000000caa00000, 0x00000000caa00000|100%| O|  |TAMS 0x00000000caa00000, 0x00000000ca900000| Untracked 
|  22|0x00000000caa00000, 0x00000000cab00000, 0x00000000cab00000|100%| O|  |TAMS 0x00000000cab00000, 0x00000000caa00000| Updating 
|  23|0x00000000cab00000, 0x00000000cac00000, 0x00000000cac00000|100%| O|  |TAMS 0x00000000cac00000, 0x00000000cab00000| Untracked 
|  24|0x00000000cac00000, 0x00000000cad00000, 0x00000000cad00000|100%| O|  |TAMS 0x00000000cad00000, 0x00000000cac00000| Untracked 
|  25|0x00000000cad00000, 0x00000000cae00000, 0x00000000cae00000|100%| O|  |TAMS 0x00000000cae00000, 0x00000000cad00000| Updating 
|  26|0x00000000cae00000, 0x00000000caf00000, 0x00000000caf00000|100%| O|  |TAMS 0x00000000caf00000, 0x00000000cae00000| Untracked 
|  27|0x00000000caf00000, 0x00000000cb000000, 0x00000000cb000000|100%| O|  |TAMS 0x00000000cb000000, 0x00000000caf00000| Untracked 
|  28|0x00000000cb000000, 0x00000000cb100000, 0x00000000cb100000|100%|HS|  |TAMS 0x00000000cb100000, 0x00000000cb000000| Complete 
|  29|0x00000000cb100000, 0x00000000cb200000, 0x00000000cb200000|100%|HC|  |TAMS 0x00000000cb200000, 0x00000000cb100000| Complete 
|  30|0x00000000cb200000, 0x00000000cb300000, 0x00000000cb300000|100%| O|  |TAMS 0x00000000cb300000, 0x00000000cb200000| Untracked 
|  31|0x00000000cb300000, 0x00000000cb400000, 0x00000000cb400000|100%| O|  |TAMS 0x00000000cb400000, 0x00000000cb300000| Untracked 
|  32|0x00000000cb400000, 0x00000000cb500000, 0x00000000cb500000|100%| O|  |TAMS 0x00000000cb500000, 0x00000000cb400000| Untracked 
|  33|0x00000000cb500000, 0x00000000cb600000, 0x00000000cb600000|100%| O|  |TAMS 0x00000000cb600000, 0x00000000cb500000| Updating 
|  34|0x00000000cb600000, 0x00000000cb700000, 0x00000000cb700000|100%| O|  |TAMS 0x00000000cb700000, 0x00000000cb600000| Untracked 
|  35|0x00000000cb700000, 0x00000000cb800000, 0x00000000cb800000|100%| O|  |TAMS 0x00000000cb800000, 0x00000000cb700000| Untracked 
|  36|0x00000000cb800000, 0x00000000cb900000, 0x00000000cb900000|100%| O|  |TAMS 0x00000000cb900000, 0x00000000cb800000| Untracked 
|  37|0x00000000cb900000, 0x00000000cba00000, 0x00000000cba00000|100%| O|  |TAMS 0x00000000cba00000, 0x00000000cb900000| Untracked 
|  38|0x00000000cba00000, 0x00000000cbb00000, 0x00000000cbb00000|100%| O|  |TAMS 0x00000000cbb00000, 0x00000000cba00000| Updating 
|  39|0x00000000cbb00000, 0x00000000cbc00000, 0x00000000cbc00000|100%| O|  |TAMS 0x00000000cbc00000, 0x00000000cbb00000| Updating 
|  40|0x00000000cbc00000, 0x00000000cbd00000, 0x00000000cbd00000|100%| O|  |TAMS 0x00000000cbd00000, 0x00000000cbc00000| Untracked 
|  41|0x00000000cbd00000, 0x00000000cbe00000, 0x00000000cbe00000|100%| O|  |TAMS 0x00000000cbe00000, 0x00000000cbd00000| Updating 
|  42|0x00000000cbe00000, 0x00000000cbf00000, 0x00000000cbf00000|100%| O|  |TAMS 0x00000000cbf00000, 0x00000000cbe00000| Untracked 
|  43|0x00000000cbf00000, 0x00000000cc000000, 0x00000000cc000000|100%| O|  |TAMS 0x00000000cc000000, 0x00000000cbf00000| Updating 
|  44|0x00000000cc000000, 0x00000000cc100000, 0x00000000cc100000|100%| O|  |TAMS 0x00000000cc100000, 0x00000000cc000000| Untracked 
|  45|0x00000000cc100000, 0x00000000cc200000, 0x00000000cc200000|100%| O|  |TAMS 0x00000000cc200000, 0x00000000cc100000| Updating 
|  46|0x00000000cc200000, 0x00000000cc300000, 0x00000000cc300000|100%| O|  |TAMS 0x00000000cc300000, 0x00000000cc200000| Untracked 
|  47|0x00000000cc300000, 0x00000000cc400000, 0x00000000cc400000|100%| O|  |TAMS 0x00000000cc400000, 0x00000000cc300000| Untracked 
|  48|0x00000000cc400000, 0x00000000cc500000, 0x00000000cc500000|100%| O|  |TAMS 0x00000000cc500000, 0x00000000cc400000| Untracked 
|  49|0x00000000cc500000, 0x00000000cc600000, 0x00000000cc600000|100%| O|  |TAMS 0x00000000cc600000, 0x00000000cc500000| Untracked 
|  50|0x00000000cc600000, 0x00000000cc700000, 0x00000000cc700000|100%| O|  |TAMS 0x00000000cc700000, 0x00000000cc600000| Untracked 
|  51|0x00000000cc700000, 0x00000000cc800000, 0x00000000cc800000|100%| O|  |TAMS 0x00000000cc800000, 0x00000000cc700000| Updating 
|  52|0x00000000cc800000, 0x00000000cc900000, 0x00000000cc900000|100%|HS|  |TAMS 0x00000000cc900000, 0x00000000cc800000| Complete 
|  53|0x00000000cc900000, 0x00000000cca00000, 0x00000000cca00000|100%|HC|  |TAMS 0x00000000cca00000, 0x00000000cc900000| Complete 
|  54|0x00000000cca00000, 0x00000000ccb00000, 0x00000000ccb00000|100%| O|  |TAMS 0x00000000ccb00000, 0x00000000cca00000| Untracked 
|  55|0x00000000ccb00000, 0x00000000ccc00000, 0x00000000ccc00000|100%| O|  |TAMS 0x00000000ccc00000, 0x00000000ccb00000| Untracked 
|  56|0x00000000ccc00000, 0x00000000ccd00000, 0x00000000ccd00000|100%| O|  |TAMS 0x00000000ccd00000, 0x00000000ccc00000| Untracked 
|  57|0x00000000ccd00000, 0x00000000cce00000, 0x00000000cce00000|100%| O|  |TAMS 0x00000000cce00000, 0x00000000ccd00000| Updating 
|  58|0x00000000cce00000, 0x00000000ccf00000, 0x00000000ccf00000|100%| O|  |TAMS 0x00000000ccf00000, 0x00000000cce00000| Untracked 
|  59|0x00000000ccf00000, 0x00000000cd000000, 0x00000000cd000000|100%| O|  |TAMS 0x00000000cd000000, 0x00000000ccf00000| Untracked 
|  60|0x00000000cd000000, 0x00000000cd100000, 0x00000000cd100000|100%| O|  |TAMS 0x00000000cd100000, 0x00000000cd000000| Untracked 
|  61|0x00000000cd100000, 0x00000000cd200000, 0x00000000cd200000|100%| O|  |TAMS 0x00000000cd200000, 0x00000000cd100000| Untracked 
|  62|0x00000000cd200000, 0x00000000cd300000, 0x00000000cd300000|100%| O|  |TAMS 0x00000000cd300000, 0x00000000cd200000| Untracked 
|  63|0x00000000cd300000, 0x00000000cd400000, 0x00000000cd400000|100%| O|  |TAMS 0x00000000cd400000, 0x00000000cd300000| Untracked 
|  64|0x00000000cd400000, 0x00000000cd500000, 0x00000000cd500000|100%| O|  |TAMS 0x00000000cd500000, 0x00000000cd400000| Untracked 
|  65|0x00000000cd500000, 0x00000000cd600000, 0x00000000cd600000|100%| O|  |TAMS 0x00000000cd600000, 0x00000000cd500000| Untracked 
|  66|0x00000000cd600000, 0x00000000cd700000, 0x00000000cd700000|100%| O|  |TAMS 0x00000000cd700000, 0x00000000cd600000| Untracked 
|  67|0x00000000cd700000, 0x00000000cd800000, 0x00000000cd800000|100%| O|  |TAMS 0x00000000cd800000, 0x00000000cd700000| Untracked 
|  68|0x00000000cd800000, 0x00000000cd900000, 0x00000000cd900000|100%| O|  |TAMS 0x00000000cd900000, 0x00000000cd800000| Untracked 
|  69|0x00000000cd900000, 0x00000000cda00000, 0x00000000cda00000|100%| O|  |TAMS 0x00000000cda00000, 0x00000000cd900000| Untracked 
|  70|0x00000000cda00000, 0x00000000cdb00000, 0x00000000cdb00000|100%| O|  |TAMS 0x00000000cdb00000, 0x00000000cda00000| Untracked 
|  71|0x00000000cdb00000, 0x00000000cdc00000, 0x00000000cdc00000|100%| O|  |TAMS 0x00000000cdc00000, 0x00000000cdb00000| Untracked 
|  72|0x00000000cdc00000, 0x00000000cdd00000, 0x00000000cdd00000|100%| O|  |TAMS 0x00000000cdc00000, 0x00000000cdc00000| Untracked 
|  73|0x00000000cdd00000, 0x00000000cde00000, 0x00000000cde00000|100%| O|  |TAMS 0x00000000cde00000, 0x00000000cdd00000| Untracked 
|  74|0x00000000cde00000, 0x00000000cdf00000, 0x00000000cdf00000|100%| O|  |TAMS 0x00000000cdf00000, 0x00000000cde00000| Untracked 
|  75|0x00000000cdf00000, 0x00000000ce000000, 0x00000000ce000000|100%| O|  |TAMS 0x00000000ce000000, 0x00000000cdf00000| Updating 
|  76|0x00000000ce000000, 0x00000000ce100000, 0x00000000ce100000|100%| O|  |TAMS 0x00000000ce100000, 0x00000000ce000000| Untracked 
|  77|0x00000000ce100000, 0x00000000ce200000, 0x00000000ce200000|100%| O|  |TAMS 0x00000000ce200000, 0x00000000ce100000| Untracked 
|  78|0x00000000ce200000, 0x00000000ce300000, 0x00000000ce300000|100%|HS|  |TAMS 0x00000000ce300000, 0x00000000ce200000| Complete 
|  79|0x00000000ce300000, 0x00000000ce400000, 0x00000000ce400000|100%|HC|  |TAMS 0x00000000ce400000, 0x00000000ce300000| Complete 
|  80|0x00000000ce400000, 0x00000000ce500000, 0x00000000ce500000|100%| O|  |TAMS 0x00000000ce500000, 0x00000000ce400000| Untracked 
|  81|0x00000000ce500000, 0x00000000ce600000, 0x00000000ce600000|100%| O|  |TAMS 0x00000000ce600000, 0x00000000ce500000| Untracked 
|  82|0x00000000ce600000, 0x00000000ce700000, 0x00000000ce700000|100%| O|  |TAMS 0x00000000ce700000, 0x00000000ce600000| Untracked 
|  83|0x00000000ce700000, 0x00000000ce800000, 0x00000000ce800000|100%| O|  |TAMS 0x00000000ce727a00, 0x00000000ce700000| Untracked 
|  84|0x00000000ce800000, 0x00000000ce900000, 0x00000000ce900000|100%| O|  |TAMS 0x00000000ce800000, 0x00000000ce800000| Untracked 
|  85|0x00000000ce900000, 0x00000000cea00000, 0x00000000cea00000|100%| O|  |TAMS 0x00000000ce900000, 0x00000000ce900000| Untracked 
|  86|0x00000000cea00000, 0x00000000ceb00000, 0x00000000ceb00000|100%| O|  |TAMS 0x00000000cea00000, 0x00000000cea00000| Untracked 
|  87|0x00000000ceb00000, 0x00000000ceb08800, 0x00000000cec00000|  3%| O|  |TAMS 0x00000000ceb00000, 0x00000000ceb00000| Updating 
|  88|0x00000000cec00000, 0x00000000cec00000, 0x00000000ced00000|  0%| F|  |TAMS 0x00000000cec00000, 0x00000000cec00000| Untracked 
|  89|0x00000000ced00000, 0x00000000ced00000, 0x00000000cee00000|  0%| F|  |TAMS 0x00000000ced00000, 0x00000000ced00000| Untracked 
|  90|0x00000000cee00000, 0x00000000cee00000, 0x00000000cef00000|  0%| F|  |TAMS 0x00000000cee00000, 0x00000000cee00000| Untracked 
|  91|0x00000000cef00000, 0x00000000cef00000, 0x00000000cf000000|  0%| F|  |TAMS 0x00000000cef00000, 0x00000000cef00000| Untracked 
|  92|0x00000000cf000000, 0x00000000cf000000, 0x00000000cf100000|  0%| F|  |TAMS 0x00000000cf000000, 0x00000000cf000000| Untracked 
|  93|0x00000000cf100000, 0x00000000cf100000, 0x00000000cf200000|  0%| F|  |TAMS 0x00000000cf100000, 0x00000000cf100000| Untracked 
|  94|0x00000000cf200000, 0x00000000cf200000, 0x00000000cf300000|  0%| F|  |TAMS 0x00000000cf200000, 0x00000000cf200000| Untracked 
|  95|0x00000000cf300000, 0x00000000cf300000, 0x00000000cf400000|  0%| F|  |TAMS 0x00000000cf300000, 0x00000000cf300000| Untracked 
|  96|0x00000000cf400000, 0x00000000cf400000, 0x00000000cf500000|  0%| F|  |TAMS 0x00000000cf400000, 0x00000000cf400000| Untracked 
|  97|0x00000000cf500000, 0x00000000cf500000, 0x00000000cf600000|  0%| F|  |TAMS 0x00000000cf500000, 0x00000000cf500000| Untracked 
|  98|0x00000000cf600000, 0x00000000cf600000, 0x00000000cf700000|  0%| F|  |TAMS 0x00000000cf600000, 0x00000000cf600000| Untracked 
|  99|0x00000000cf700000, 0x00000000cf700000, 0x00000000cf800000|  0%| F|  |TAMS 0x00000000cf700000, 0x00000000cf700000| Untracked 
| 100|0x00000000cf800000, 0x00000000cf800000, 0x00000000cf900000|  0%| F|  |TAMS 0x00000000cf800000, 0x00000000cf800000| Untracked 
| 101|0x00000000cf900000, 0x00000000cf900000, 0x00000000cfa00000|  0%| F|  |TAMS 0x00000000cf900000, 0x00000000cf900000| Untracked 
| 102|0x00000000cfa00000, 0x00000000cfa00000, 0x00000000cfb00000|  0%| F|  |TAMS 0x00000000cfa00000, 0x00000000cfa00000| Untracked 
| 103|0x00000000cfb00000, 0x00000000cfb00000, 0x00000000cfc00000|  0%| F|  |TAMS 0x00000000cfb00000, 0x00000000cfb00000| Untracked 
| 104|0x00000000cfc00000, 0x00000000cfcd5060, 0x00000000cfd00000| 83%| S|CS|TAMS 0x00000000cfc00000, 0x00000000cfc00000| Complete 
| 105|0x00000000cfd00000, 0x00000000cfe00000, 0x00000000cfe00000|100%| S|CS|TAMS 0x00000000cfd00000, 0x00000000cfd00000| Complete 
| 106|0x00000000cfe00000, 0x00000000cfe00000, 0x00000000cff00000|  0%| F|  |TAMS 0x00000000cfe00000, 0x00000000cfe00000| Untracked 
| 107|0x00000000cff00000, 0x00000000cff00000, 0x00000000d0000000|  0%| F|  |TAMS 0x00000000cff00000, 0x00000000cff00000| Untracked 
| 108|0x00000000d0000000, 0x00000000d0100000, 0x00000000d0100000|100%| S|CS|TAMS 0x00000000d0000000, 0x00000000d0000000| Complete 
| 109|0x00000000d0100000, 0x00000000d0200000, 0x00000000d0200000|100%| S|CS|TAMS 0x00000000d0100000, 0x00000000d0100000| Complete 
| 110|0x00000000d0200000, 0x00000000d0200000, 0x00000000d0300000|  0%| F|  |TAMS 0x00000000d0200000, 0x00000000d0200000| Untracked 
| 111|0x00000000d0300000, 0x00000000d0300000, 0x00000000d0400000|  0%| F|  |TAMS 0x00000000d0300000, 0x00000000d0300000| Untracked 
| 112|0x00000000d0400000, 0x00000000d0400000, 0x00000000d0500000|  0%| F|  |TAMS 0x00000000d0400000, 0x00000000d0400000| Untracked 
| 113|0x00000000d0500000, 0x00000000d0500000, 0x00000000d0600000|  0%| F|  |TAMS 0x00000000d0500000, 0x00000000d0500000| Untracked 
| 114|0x00000000d0600000, 0x00000000d0600000, 0x00000000d0700000|  0%| F|  |TAMS 0x00000000d0600000, 0x00000000d0600000| Untracked 
| 115|0x00000000d0700000, 0x00000000d0700000, 0x00000000d0800000|  0%| F|  |TAMS 0x00000000d0700000, 0x00000000d0700000| Untracked 
| 116|0x00000000d0800000, 0x00000000d0800000, 0x00000000d0900000|  0%| F|  |TAMS 0x00000000d0800000, 0x00000000d0800000| Untracked 
| 117|0x00000000d0900000, 0x00000000d0900000, 0x00000000d0a00000|  0%| F|  |TAMS 0x00000000d0900000, 0x00000000d0900000| Untracked 
| 118|0x00000000d0a00000, 0x00000000d0a00000, 0x00000000d0b00000|  0%| F|  |TAMS 0x00000000d0a00000, 0x00000000d0a00000| Untracked 
| 119|0x00000000d0b00000, 0x00000000d0b00000, 0x00000000d0c00000|  0%| F|  |TAMS 0x00000000d0b00000, 0x00000000d0b00000| Untracked 
| 120|0x00000000d0c00000, 0x00000000d0c00000, 0x00000000d0d00000|  0%| F|  |TAMS 0x00000000d0c00000, 0x00000000d0c00000| Untracked 
| 121|0x00000000d0d00000, 0x00000000d0d00000, 0x00000000d0e00000|  0%| F|  |TAMS 0x00000000d0d00000, 0x00000000d0d00000| Untracked 
| 122|0x00000000d0e00000, 0x00000000d0e00000, 0x00000000d0f00000|  0%| F|  |TAMS 0x00000000d0e00000, 0x00000000d0e00000| Untracked 
| 123|0x00000000d0f00000, 0x00000000d0f00000, 0x00000000d1000000|  0%| F|  |TAMS 0x00000000d0f00000, 0x00000000d0f00000| Untracked 
| 124|0x00000000d1000000, 0x00000000d1000000, 0x00000000d1100000|  0%| F|  |TAMS 0x00000000d1000000, 0x00000000d1000000| Untracked 
| 125|0x00000000d1100000, 0x00000000d1100000, 0x00000000d1200000|  0%| F|  |TAMS 0x00000000d1100000, 0x00000000d1100000| Untracked 
| 126|0x00000000d1200000, 0x00000000d1300000, 0x00000000d1300000|100%| E|  |TAMS 0x00000000d1200000, 0x00000000d1200000| Complete 
| 127|0x00000000d1300000, 0x00000000d1400000, 0x00000000d1400000|100%| E|CS|TAMS 0x00000000d1300000, 0x00000000d1300000| Complete 
| 128|0x00000000d1400000, 0x00000000d1500000, 0x00000000d1500000|100%| E|CS|TAMS 0x00000000d1400000, 0x00000000d1400000| Complete 
| 129|0x00000000d1500000, 0x00000000d1600000, 0x00000000d1600000|100%| E|CS|TAMS 0x00000000d1500000, 0x00000000d1500000| Complete 
| 130|0x00000000d1600000, 0x00000000d1700000, 0x00000000d1700000|100%| E|CS|TAMS 0x00000000d1600000, 0x00000000d1600000| Complete 
| 131|0x00000000d1700000, 0x00000000d1800000, 0x00000000d1800000|100%| E|CS|TAMS 0x00000000d1700000, 0x00000000d1700000| Complete 
| 132|0x00000000d1800000, 0x00000000d1900000, 0x00000000d1900000|100%| E|CS|TAMS 0x00000000d1800000, 0x00000000d1800000| Complete 
| 133|0x00000000d1900000, 0x00000000d1a00000, 0x00000000d1a00000|100%| E|CS|TAMS 0x00000000d1900000, 0x00000000d1900000| Complete 
| 134|0x00000000d1a00000, 0x00000000d1b00000, 0x00000000d1b00000|100%| E|CS|TAMS 0x00000000d1a00000, 0x00000000d1a00000| Complete 
| 135|0x00000000d1b00000, 0x00000000d1c00000, 0x00000000d1c00000|100%| E|CS|TAMS 0x00000000d1b00000, 0x00000000d1b00000| Complete 
| 136|0x00000000d1c00000, 0x00000000d1d00000, 0x00000000d1d00000|100%| E|CS|TAMS 0x00000000d1c00000, 0x00000000d1c00000| Complete 
| 137|0x00000000d1d00000, 0x00000000d1e00000, 0x00000000d1e00000|100%| E|CS|TAMS 0x00000000d1d00000, 0x00000000d1d00000| Complete 
| 138|0x00000000d1e00000, 0x00000000d1f00000, 0x00000000d1f00000|100%| E|CS|TAMS 0x00000000d1e00000, 0x00000000d1e00000| Complete 

Card table byte_map: [0x000001c87f840000,0x000001c87fa00000] _byte_map_base: 0x000001c87f1f6000

Marking Bits (Prev, Next): (CMBitMap*) 0x000001c87fb06520, (CMBitMap*) 0x000001c87fb064e0
 Prev Bits: [0x000001c8131d0000, 0x000001c813f80000)
 Next Bits: [0x000001c812420000, 0x000001c8131d0000)

Polling page: 0x000001c87da50000

Metaspace:

Usage:
  Non-class:     57.20 MB used.
      Class:      7.22 MB used.
       Both:     64.41 MB used.

Virtual space:
  Non-class space:       64.00 MB reserved,      57.38 MB ( 90%) committed,  1 nodes.
      Class space:        1.00 GB reserved,       7.38 MB ( <1%) committed,  1 nodes.
             Both:        1.06 GB reserved,      64.75 MB (  6%) committed. 

Chunk freelists:
   Non-Class:  5.97 MB
       Class:  8.66 MB
        Both:  14.62 MB

MaxMetaspaceSize: unlimited
CompressedClassSpaceSize: 1.00 GB
Initial GC threshold: 21.00 MB
Current GC threshold: 104.69 MB
CDS: off
MetaspaceReclaimPolicy: balanced
 - commit_granule_bytes: 65536.
 - commit_granule_words: 8192.
 - virtual_space_node_default_size: 8388608.
 - enlarge_chunks_in_place: 1.
 - new_chunks_are_fully_committed: 0.
 - uncommit_free_chunks: 1.
 - use_allocation_guard: 0.
 - handle_deallocations: 1.


Internal statistics:

num_allocs_failed_limit: 3.
num_arena_births: 286.
num_arena_deaths: 0.
num_vsnodes_births: 2.
num_vsnodes_deaths: 0.
num_space_committed: 1034.
num_space_uncommitted: 0.
num_chunks_returned_to_freelist: 3.
num_chunks_taken_from_freelist: 2401.
num_chunk_merges: 0.
num_chunk_splits: 1920.
num_chunks_enlarged: 1679.
num_inconsistent_stats: 0.

CodeHeap 'non-profiled nmethods': size=120064Kb used=6515Kb max_used=6515Kb free=113548Kb
 bounds [0x000001c80aee0000, 0x000001c80b540000, 0x000001c812420000]
CodeHeap 'profiled nmethods': size=120000Kb used=29007Kb max_used=29160Kb free=90992Kb
 bounds [0x000001c803420000, 0x000001c8050c0000, 0x000001c80a950000]
CodeHeap 'non-nmethods': size=5696Kb used=1300Kb max_used=1352Kb free=4395Kb
 bounds [0x000001c80a950000, 0x000001c80abc0000, 0x000001c80aee0000]
 total_blobs=10115 nmethods=9506 adapters=518
 compilation: enabled
              stopped_count=0, restarted_count=0
 full_count=0

Compilation events (20 events):
Event: 146.901 Thread 0x000001c816154c10 nmethod 11412 0x000001c80b528510 code [0x000001c80b528680, 0x000001c80b5288d8]
Event: 146.908 Thread 0x000001c816154c10 11413   !   4       org.jetbrains.kotlin.cli.jvm.index.JvmDependenciesDynamicCompoundIndex::findClass (93 bytes)
Event: 146.933 Thread 0x000001c816154c10 nmethod 11413 0x000001c80b528a10 code [0x000001c80b528c00, 0x000001c80b529428]
Event: 146.933 Thread 0x000001c816154c10 11414       4       org.jetbrains.kotlin.cli.jvm.index.JvmDependenciesDynamicCompoundIndex$findClass$$inlined$read$lambda$1::invoke (9 bytes)
Event: 146.950 Thread 0x000001c816154c10 nmethod 11414 0x000001c80b529f10 code [0x000001c80b52a100, 0x000001c80b52aa68]
Event: 146.972 Thread 0x000001c816154c10 11415       4       org.jetbrains.kotlin.cli.jvm.compiler.TopDownAnalyzerFacadeForJVM$AllJavaSourcesInProjectScope::contains (41 bytes)
Event: 146.992 Thread 0x000001c816154c10 nmethod 11415 0x000001c80b52b290 code [0x000001c80b52b480, 0x000001c80b52bda8]
Event: 146.992 Thread 0x000001c816154c10 11416       4       org.jetbrains.kotlin.cli.jvm.compiler.KotlinToJVMBytecodeCompiler$DirectoriesScope::contains (55 bytes)
Event: 147.002 Thread 0x000001c816154c10 nmethod 11416 0x000001c80b52c590 code [0x000001c80b52c760, 0x000001c80b52cbd8]
Event: 147.002 Thread 0x000001c816154c10 11417       4       org.jetbrains.kotlin.com.intellij.openapi.vfs.impl.jar.CoreJarVirtualFile::getName (18 bytes)
Event: 147.003 Thread 0x000001c816154c10 nmethod 11417 0x000001c80b52d010 code [0x000001c80b52d180, 0x000001c80b52d238]
Event: 147.076 Thread 0x000001c816154c10 11418       4       org.jetbrains.kotlin.cli.jvm.compiler.CliVirtualFileFinder::findBinaryOrSigClass (63 bytes)
Event: 147.112 Thread 0x000001c816154c10 nmethod 11418 0x000001c80b52d310 code [0x000001c80b52d540, 0x000001c80b52e008]
Event: 147.112 Thread 0x000001c816154c10 11419       4       org.jetbrains.kotlin.cli.jvm.compiler.CliVirtualFileFinder::findBinaryOrSigClass (35 bytes)
Event: 147.137 Thread 0x000001c816154c10 nmethod 11419 0x000001c80b52ee10 code [0x000001c80b52efc0, 0x000001c80b52f638]
Event: 147.141 Thread 0x000001c816154c10 11420       4       org.jetbrains.kotlin.load.kotlin.VirtualFileFinder::findKotlinClassOrContent (37 bytes)
Event: 147.356 Thread 0x000001c8164296f0 11423       3       org.jetbrains.kotlin.load.java.lazy.descriptors.JvmPackageScope$kotlinScopes$2::invoke (181 bytes)
Event: 147.358 Thread 0x000001c8164296f0 nmethod 11423 0x000001c804265510 code [0x000001c804265900, 0x000001c804267508]
Event: 147.697 Thread 0x000001c816154c10 nmethod 11420 0x000001c80b52fb90 code [0x000001c80b530180, 0x000001c80b536630]
Event: 147.697 Thread 0x000001c816154c10 11422   !   4       org.jetbrains.kotlin.metadata.jvm.JvmProtoBuf$StringTableTypes::<init> (495 bytes)

GC Heap History (20 events):
Event: 110.426 GC heap before
{Heap before GC invocations=58 (full 0):
 garbage-first heap   total 116736K, used 95618K [0x00000000c9400000, 0x0000000100000000)
  region size 1024K, 27 young (27648K), 4 survivors (4096K)
 Metaspace       used 62798K, committed 63168K, reserved 1114112K
  class space    used 7183K, committed 7360K, reserved 1048576K
}
Event: 110.448 GC heap after
{Heap after GC invocations=59 (full 0):
 garbage-first heap   total 116736K, used 74658K [0x00000000c9400000, 0x0000000100000000)
  region size 1024K, 3 young (3072K), 3 survivors (3072K)
 Metaspace       used 62798K, committed 63168K, reserved 1114112K
  class space    used 7183K, committed 7360K, reserved 1048576K
}
Event: 118.325 GC heap before
{Heap before GC invocations=60 (full 0):
 garbage-first heap   total 128000K, used 95138K [0x00000000c9400000, 0x0000000100000000)
  region size 1024K, 23 young (23552K), 3 survivors (3072K)
 Metaspace       used 63300K, committed 63616K, reserved 1114112K
  class space    used 7189K, committed 7360K, reserved 1048576K
}
Event: 118.345 GC heap after
{Heap after GC invocations=61 (full 0):
 garbage-first heap   total 128000K, used 77061K [0x00000000c9400000, 0x0000000100000000)
  region size 1024K, 3 young (3072K), 3 survivors (3072K)
 Metaspace       used 63300K, committed 63616K, reserved 1114112K
  class space    used 7189K, committed 7360K, reserved 1048576K
}
Event: 118.719 GC heap before
{Heap before GC invocations=61 (full 0):
 garbage-first heap   total 128000K, used 80133K [0x00000000c9400000, 0x0000000100000000)
  region size 1024K, 6 young (6144K), 3 survivors (3072K)
 Metaspace       used 63338K, committed 63680K, reserved 1114112K
  class space    used 7190K, committed 7360K, reserved 1048576K
}
Event: 118.734 GC heap after
{Heap after GC invocations=62 (full 0):
 garbage-first heap   total 128000K, used 77232K [0x00000000c9400000, 0x0000000100000000)
  region size 1024K, 1 young (1024K), 1 survivors (1024K)
 Metaspace       used 63338K, committed 63680K, reserved 1114112K
  class space    used 7190K, committed 7360K, reserved 1048576K
}
Event: 124.782 GC heap before
{Heap before GC invocations=62 (full 0):
 garbage-first heap   total 128000K, used 105904K [0x00000000c9400000, 0x0000000100000000)
  region size 1024K, 28 young (28672K), 1 survivors (1024K)
 Metaspace       used 63820K, committed 64128K, reserved 1114112K
  class space    used 7196K, committed 7360K, reserved 1048576K
}
Event: 124.808 GC heap after
{Heap after GC invocations=63 (full 0):
 garbage-first heap   total 128000K, used 79601K [0x00000000c9400000, 0x0000000100000000)
  region size 1024K, 3 young (3072K), 3 survivors (3072K)
 Metaspace       used 63820K, committed 64128K, reserved 1114112K
  class space    used 7196K, committed 7360K, reserved 1048576K
}
Event: 131.514 GC heap before
{Heap before GC invocations=63 (full 0):
 garbage-first heap   total 128000K, used 101105K [0x00000000c9400000, 0x0000000100000000)
  region size 1024K, 25 young (25600K), 3 survivors (3072K)
 Metaspace       used 63999K, committed 64320K, reserved 1114112K
  class space    used 7202K, committed 7360K, reserved 1048576K
}
Event: 131.537 GC heap after
{Heap after GC invocations=64 (full 0):
 garbage-first heap   total 128000K, used 81384K [0x00000000c9400000, 0x0000000100000000)
  region size 1024K, 2 young (2048K), 2 survivors (2048K)
 Metaspace       used 63999K, committed 64320K, reserved 1114112K
  class space    used 7202K, committed 7360K, reserved 1048576K
}
Event: 142.335 GC heap before
{Heap before GC invocations=65 (full 0):
 garbage-first heap   total 142336K, used 106984K [0x00000000c9400000, 0x0000000100000000)
  region size 1024K, 26 young (26624K), 2 survivors (2048K)
 Metaspace       used 65550K, committed 65792K, reserved 1114112K
  class space    used 7351K, committed 7488K, reserved 1048576K
}
Event: 142.351 GC heap after
{Heap after GC invocations=66 (full 0):
 garbage-first heap   total 142336K, used 85125K [0x00000000c9400000, 0x0000000100000000)
  region size 1024K, 4 young (4096K), 4 survivors (4096K)
 Metaspace       used 65550K, committed 65792K, reserved 1114112K
  class space    used 7351K, committed 7488K, reserved 1048576K
}
Event: 142.616 GC heap before
{Heap before GC invocations=66 (full 0):
 garbage-first heap   total 142336K, used 87173K [0x00000000c9400000, 0x0000000100000000)
  region size 1024K, 6 young (6144K), 4 survivors (4096K)
 Metaspace       used 65575K, committed 65856K, reserved 1114112K
  class space    used 7352K, committed 7488K, reserved 1048576K
}
Event: 142.632 GC heap after
{Heap after GC invocations=67 (full 0):
 garbage-first heap   total 142336K, used 85031K [0x00000000c9400000, 0x0000000100000000)
  region size 1024K, 1 young (1024K), 1 survivors (1024K)
 Metaspace       used 65575K, committed 65856K, reserved 1114112K
  class space    used 7352K, committed 7488K, reserved 1048576K
}
Event: 146.283 GC heap before
{Heap before GC invocations=67 (full 0):
 garbage-first heap   total 142336K, used 117799K [0x00000000c9400000, 0x0000000100000000)
  region size 1024K, 33 young (33792K), 1 survivors (1024K)
 Metaspace       used 65955K, committed 66304K, reserved 1114112K
  class space    used 7388K, committed 7552K, reserved 1048576K
}
Event: 146.301 GC heap after
{Heap after GC invocations=68 (full 0):
 garbage-first heap   total 142336K, used 86638K [0x00000000c9400000, 0x0000000100000000)
  region size 1024K, 3 young (3072K), 3 survivors (3072K)
 Metaspace       used 65955K, committed 66304K, reserved 1114112K
  class space    used 7388K, committed 7552K, reserved 1048576K
}
Event: 147.327 GC heap before
{Heap before GC invocations=68 (full 0):
 garbage-first heap   total 142336K, used 118382K [0x00000000c9400000, 0x0000000100000000)
  region size 1024K, 34 young (34816K), 3 survivors (3072K)
 Metaspace       used 65955K, committed 66304K, reserved 1114112K
  class space    used 7388K, committed 7552K, reserved 1048576K
}
Event: 147.342 GC heap after
{Heap after GC invocations=69 (full 0):
 garbage-first heap   total 142336K, used 89246K [0x00000000c9400000, 0x0000000100000000)
  region size 1024K, 5 young (5120K), 5 survivors (5120K)
 Metaspace       used 65955K, committed 66304K, reserved 1114112K
  class space    used 7388K, committed 7552K, reserved 1048576K
}
Event: 147.449 GC heap before
{Heap before GC invocations=69 (full 0):
 garbage-first heap   total 142336K, used 118942K [0x00000000c9400000, 0x0000000100000000)
  region size 1024K, 34 young (34816K), 5 survivors (5120K)
 Metaspace       used 65958K, committed 66304K, reserved 1114112K
  class space    used 7388K, committed 7552K, reserved 1048576K
}
Event: 147.471 GC heap after
{Heap after GC invocations=70 (full 0):
 garbage-first heap   total 142336K, used 93046K [0x00000000c9400000, 0x0000000100000000)
  region size 1024K, 4 young (4096K), 4 survivors (4096K)
 Metaspace       used 65958K, committed 66304K, reserved 1114112K
  class space    used 7388K, committed 7552K, reserved 1048576K
}

Dll operation events (2 events):
Event: 0.032 Loaded shared library C:\Program Files\Android\Android Studio\jbr\bin\java.dll
Event: 16.154 Loaded shared library C:\Program Files\Android\Android Studio\jbr\bin\verify.dll

Deoptimization events (20 events):
Event: 141.436 Thread 0x000001c87face8f0 Uncommon trap: trap_request=0xffffffde fr.pc=0x000001c80b22aea8 relative=0x0000000000002fe8
Event: 141.436 Thread 0x000001c87face8f0 Uncommon trap: reason=class_check action=maybe_recompile pc=0x000001c80b22aea8 method=org.jetbrains.kotlin.resolve.calls.util.CallUtilKt.getCall(Lorg/jetbrains/kotlin/psi/KtElement;Lorg/jetbrains/kotlin/resolve/BindingContext;)Lorg/jetbrains/kotlin/psi/Ca
Event: 141.436 Thread 0x000001c87face8f0 DEOPT PACKING pc=0x000001c80b22aea8 sp=0x0000005c3d8faa70
Event: 141.436 Thread 0x000001c87face8f0 DEOPT UNPACKING pc=0x000001c80a9a69a3 sp=0x0000005c3d8faa08 mode 2
Event: 141.464 Thread 0x000001c87face8f0 Uncommon trap: trap_request=0xffffffde fr.pc=0x000001c80b297d8c relative=0x000000000000084c
Event: 141.464 Thread 0x000001c87face8f0 Uncommon trap: reason=class_check action=maybe_recompile pc=0x000001c80b297d8c method=kotlin.collections.CollectionsKt__MutableCollectionsKt.addAll(Ljava/util/Collection;Ljava/lang/Iterable;)Z @ 59 c2
Event: 141.464 Thread 0x000001c87face8f0 DEOPT PACKING pc=0x000001c80b297d8c sp=0x0000005c3d8fdbd0
Event: 141.464 Thread 0x000001c87face8f0 DEOPT UNPACKING pc=0x000001c80a9a69a3 sp=0x0000005c3d8fdbc0 mode 2
Event: 141.465 Thread 0x000001c87face8f0 Uncommon trap: trap_request=0xffffffde fr.pc=0x000001c80b297d8c relative=0x000000000000084c
Event: 141.465 Thread 0x000001c87face8f0 Uncommon trap: reason=class_check action=maybe_recompile pc=0x000001c80b297d8c method=kotlin.collections.CollectionsKt__MutableCollectionsKt.addAll(Ljava/util/Collection;Ljava/lang/Iterable;)Z @ 59 c2
Event: 141.465 Thread 0x000001c87face8f0 DEOPT PACKING pc=0x000001c80b297d8c sp=0x0000005c3d8fd7b0
Event: 141.465 Thread 0x000001c87face8f0 DEOPT UNPACKING pc=0x000001c80a9a69a3 sp=0x0000005c3d8fd7a0 mode 2
Event: 143.620 Thread 0x000001c87face8f0 Uncommon trap: trap_request=0xffffffc6 fr.pc=0x000001c80b42df00 relative=0x00000000000007e0
Event: 143.620 Thread 0x000001c87face8f0 Uncommon trap: reason=bimorphic_or_optimized_type_check action=maybe_recompile pc=0x000001c80b42df00 method=org.jetbrains.kotlin.com.intellij.extapi.psi.ASTDelegatePsiElement.findChildByType(Lorg/jetbrains/kotlin/com/intellij/psi/tree/IElementType;)Lorg/j
Event: 143.620 Thread 0x000001c87face8f0 DEOPT PACKING pc=0x000001c80b42df00 sp=0x0000005c3d8fcf80
Event: 143.620 Thread 0x000001c87face8f0 DEOPT UNPACKING pc=0x000001c80a9a69a3 sp=0x0000005c3d8fcf68 mode 2
Event: 144.376 Thread 0x000001c87face8f0 Uncommon trap: trap_request=0xffffff45 fr.pc=0x000001c80b2392ac relative=0x000000000000382c
Event: 144.376 Thread 0x000001c87face8f0 Uncommon trap: reason=unstable_if action=reinterpret pc=0x000001c80b2392ac method=org.jetbrains.kotlin.types.TypeUtils.contains(Lorg/jetbrains/kotlin/types/KotlinType;Lkotlin/jvm/functions/Function1;Lorg/jetbrains/kotlin/utils/SmartSet;)Z @ 10 c2
Event: 144.376 Thread 0x000001c87face8f0 DEOPT PACKING pc=0x000001c80b2392ac sp=0x0000005c3d8fe380
Event: 144.376 Thread 0x000001c87face8f0 DEOPT UNPACKING pc=0x000001c80a9a69a3 sp=0x0000005c3d8fe3a8 mode 2

Classes unloaded (0 events):
No events

Classes redefined (0 events):
No events

Internal exceptions (20 events):
Event: 37.081 Thread 0x000001c87face8f0 Exception <a 'java/lang/NoSuchMethodError'{0x00000000ccc1a598}: 'java.lang.Object java.lang.invoke.DirectMethodHandle$Holder.invokeStaticInit(java.lang.Object, java.lang.Object, java.lang.Object)'> (0x00000000ccc1a598) 
thrown [s\src\hotspot\share\interpreter\linkResolver.cpp, line 771]
Event: 41.678 Thread 0x000001c87face8f0 Implicit null exception at 0x000001c80af28cea to 0x000001c80af28eac
Event: 42.691 Thread 0x000001c87face8f0 Implicit null exception at 0x000001c80afe3809 to 0x000001c80afe38f0
Event: 42.691 Thread 0x000001c87face8f0 Implicit null exception at 0x000001c80af42f58 to 0x000001c80af42fea
Event: 42.773 Thread 0x000001c87face8f0 Implicit null exception at 0x000001c80af3758f to 0x000001c80af37605
Event: 43.263 Thread 0x000001c87face8f0 Exception <a 'java/lang/NoSuchMethodError'{0x00000000cd898020}: 'java.lang.Object java.lang.invoke.DirectMethodHandle$Holder.invokeStatic(java.lang.Object, java.lang.Object, java.lang.Object, java.lang.Object, int)'> (0x00000000cd898020) 
thrown [s\src\hotspot\share\interpreter\linkResolver.cpp, line 771]
Event: 43.266 Thread 0x000001c87face8f0 Exception <a 'java/lang/NoSuchMethodError'{0x00000000cd8a1d08}: 'java.lang.Object java.lang.invoke.DirectMethodHandle$Holder.newInvokeSpecial(java.lang.Object, java.lang.Object, java.lang.Object, java.lang.Object, int)'> (0x00000000cd8a1d08) 
thrown [s\src\hotspot\share\interpreter\linkResolver.cpp, line 771]
Event: 43.267 Thread 0x000001c87face8f0 Exception <a 'java/lang/NoSuchMethodError'{0x00000000cd8a9dd8}: 'java.lang.Object java.lang.invoke.Invokers$Holder.linkToTargetMethod(java.lang.Object, java.lang.Object, java.lang.Object, int, java.lang.Object)'> (0x00000000cd8a9dd8) 
thrown [s\src\hotspot\share\interpreter\linkResolver.cpp, line 771]
Event: 43.679 Thread 0x000001c87face8f0 Implicit null exception at 0x000001c80b07b0bc to 0x000001c80b07b9a4
Event: 43.802 Thread 0x000001c87face8f0 Exception <a 'java/lang/NoSuchMethodError'{0x00000000ce2c9c60}: 'int java.lang.invoke.DirectMethodHandle$Holder.invokeStaticInit(java.lang.Object, int)'> (0x00000000ce2c9c60) 
thrown [s\src\hotspot\share\interpreter\linkResolver.cpp, line 771]
Event: 51.179 Thread 0x000001c87face8f0 Exception <a 'java/lang/NoSuchMethodError'{0x00000000cda5f880}: 'java.lang.Object java.lang.invoke.DirectMethodHandle$Holder.invokeInterface(java.lang.Object, java.lang.Object, java.lang.Object)'> (0x00000000cda5f880) 
thrown [s\src\hotspot\share\interpreter\linkResolver.cpp, line 771]
Event: 51.181 Thread 0x000001c87face8f0 Exception <a 'java/lang/IncompatibleClassChangeError'{0x00000000cda64c80}: Found class java.lang.Object, but interface was expected> (0x00000000cda64c80) 
thrown [s\src\hotspot\share\interpreter\linkResolver.cpp, line 838]
Event: 52.022 Thread 0x000001c87face8f0 Exception <a 'java/lang/NoSuchMethodError'{0x00000000cd94f888}: 'java.lang.Object java.lang.invoke.DirectMethodHandle$Holder.newInvokeSpecial(java.lang.Object, java.lang.Object, java.lang.Object, java.lang.Object, java.lang.Object, java.lang.Object, java.lang.Object)'> (0x00000000cd94f888) 
thrown [s\src\hotspot\share\interpreter\linkResolver.cpp, line 771]
Event: 52.023 Thread 0x000001c87face8f0 Exception <a 'java/lang/NoSuchMethodError'{0x00000000cd955c28}: 'java.lang.Object java.lang.invoke.Invokers$Holder.linkToTargetMethod(java.lang.Object, java.lang.Object, java.lang.Object, java.lang.Object, java.lang.Object, java.lang.Object, java.lang.Object)'> (0x00000000cd955c28) 
thrown [s\src\hotspot\share\interpreter\linkResolver.cpp, line 771]
Event: 98.453 Thread 0x000001c87face8f0 Exception <a 'java/lang/NoSuchMethodError'{0x00000000cedad5d8}: 'java.lang.Object java.lang.invoke.DirectMethodHandle$Holder.invokeStatic(java.lang.Object, int, java.lang.Object)'> (0x00000000cedad5d8) 
thrown [s\src\hotspot\share\interpreter\linkResolver.cpp, line 771]
Event: 99.006 Thread 0x000001c87face8f0 Exception <a 'java/lang/NoSuchMethodError'{0x00000000cede1c98}: 'java.lang.Object java.lang.invoke.DirectMethodHandle$Holder.newInvokeSpecial(java.lang.Object, int, java.lang.Object)'> (0x00000000cede1c98) 
thrown [s\src\hotspot\share\interpreter\linkResolver.cpp, line 771]
Event: 99.008 Thread 0x000001c87face8f0 Exception <a 'java/lang/NoSuchMethodError'{0x00000000cede99a0}: 'int java.lang.invoke.DirectMethodHandle$Holder.invokeInterface(java.lang.Object, java.lang.Object)'> (0x00000000cede99a0) 
thrown [s\src\hotspot\share\interpreter\linkResolver.cpp, line 771]
Event: 101.057 Thread 0x000001c87face8f0 Exception <a 'java/lang/NoSuchMethodError'{0x00000000d04f4f00}: 'java.lang.Object java.lang.invoke.DirectMethodHandle$Holder.newInvokeSpecial(java.lang.Object, int, java.lang.Object, java.lang.Object)'> (0x00000000d04f4f00) 
thrown [s\src\hotspot\share\interpreter\linkResolver.cpp, line 771]
Event: 106.355 Thread 0x000001c87face8f0 Implicit null exception at 0x000001c80b040534 to 0x000001c80b0405c1
Event: 139.607 Thread 0x000001c87face8f0 Implicit null exception at 0x000001c80af75b6a to 0x000001c80af75d28

VM Operations (20 events):
Event: 141.439 Executing VM operation: Cleanup done
Event: 142.335 Executing VM operation: G1CollectForAllocation
Event: 142.364 Executing VM operation: G1CollectForAllocation done
Event: 142.616 Executing VM operation: G1CollectForAllocation
Event: 142.632 Executing VM operation: G1CollectForAllocation done
Event: 143.634 Executing VM operation: Cleanup
Event: 143.635 Executing VM operation: Cleanup done
Event: 144.647 Executing VM operation: Cleanup
Event: 144.753 Executing VM operation: Cleanup done
Event: 145.762 Executing VM operation: Cleanup
Event: 145.762 Executing VM operation: Cleanup done
Event: 146.283 Executing VM operation: G1CollectForAllocation
Event: 146.301 Executing VM operation: G1CollectForAllocation done
Event: 147.304 Executing VM operation: Cleanup
Event: 147.304 Executing VM operation: Cleanup done
Event: 147.327 Executing VM operation: G1CollectForAllocation
Event: 147.342 Executing VM operation: G1CollectForAllocation done
Event: 147.449 Executing VM operation: G1CollectForAllocation
Event: 147.471 Executing VM operation: G1CollectForAllocation done
Event: 147.772 Executing VM operation: G1PauseRemark

Events (20 events):
Event: 135.274 Thread 0x000001c81642d3d0 flushing nmethod 0x000001c80478f290
Event: 135.274 Thread 0x000001c81642d3d0 flushing nmethod 0x000001c804808990
Event: 135.274 Thread 0x000001c81642d3d0 flushing nmethod 0x000001c80482f890
Event: 135.275 Thread 0x000001c81642d3d0 flushing nmethod 0x000001c8048b6a10
Event: 135.275 Thread 0x000001c81642d3d0 flushing nmethod 0x000001c80498d110
Event: 135.276 Thread 0x000001c81642d3d0 flushing nmethod 0x000001c8049f9590
Event: 135.278 Thread 0x000001c81642d3d0 flushing nmethod 0x000001c804c04810
Event: 135.279 Thread 0x000001c81642d3d0 flushing nmethod 0x000001c804d78390
Event: 135.279 Thread 0x000001c81642d3d0 flushing nmethod 0x000001c804db3a10
Event: 135.280 Thread 0x000001c81642d3d0 flushing nmethod 0x000001c804e63710
Event: 136.974 loading class java/util/Collections$CopiesList
Event: 136.979 loading class java/util/Collections$CopiesList done
Event: 146.231 loading class java/time/Instant
Event: 146.240 loading class java/time/temporal/Temporal
Event: 146.243 loading class java/time/temporal/TemporalAccessor
Event: 146.252 loading class java/time/temporal/TemporalAccessor done
Event: 146.252 loading class java/time/temporal/Temporal done
Event: 146.252 loading class java/time/temporal/TemporalAdjuster
Event: 146.253 loading class java/time/temporal/TemporalAdjuster done
Event: 146.253 loading class java/time/Instant done


Dynamic libraries:
0x00007ff7f0f50000 - 0x00007ff7f0f5a000 	C:\Program Files\Android\Android Studio\jbr\bin\java.exe
0x00007ffaa6cf0000 - 0x00007ffaa6f07000 	C:\WINDOWS\SYSTEM32\ntdll.dll
0x00007ffaa5a50000 - 0x00007ffaa5b14000 	C:\WINDOWS\System32\KERNEL32.DLL
0x00007ffaa3fb0000 - 0x00007ffaa436a000 	C:\WINDOWS\System32\KERNELBASE.dll
0x00007ffaa4490000 - 0x00007ffaa45a1000 	C:\WINDOWS\System32\ucrtbase.dll
0x00007ffa5fae0000 - 0x00007ffa5faf7000 	C:\Program Files\Android\Android Studio\jbr\bin\jli.dll
0x00007ffaa58a0000 - 0x00007ffaa5a4e000 	C:\WINDOWS\System32\USER32.dll
0x00007ffaa49b0000 - 0x00007ffaa49d6000 	C:\WINDOWS\System32\win32u.dll
0x00007ffaa5ec0000 - 0x00007ffaa5ee9000 	C:\WINDOWS\System32\GDI32.dll
0x00007ffaa4660000 - 0x00007ffaa477b000 	C:\WINDOWS\System32\gdi32full.dll
0x00007ffaa4370000 - 0x00007ffaa440a000 	C:\WINDOWS\System32\msvcp_win.dll
0x00007ffa8d5c0000 - 0x00007ffa8d5db000 	C:\Program Files\Android\Android Studio\jbr\bin\VCRUNTIME140.dll
0x00007ffa8e1c0000 - 0x00007ffa8e452000 	C:\WINDOWS\WinSxS\amd64_microsoft.windows.common-controls_6595b64144ccf1df_6.0.22621.4541_none_2710d1c57384c085\COMCTL32.dll
0x00007ffaa62e0000 - 0x00007ffaa6387000 	C:\WINDOWS\System32\msvcrt.dll
0x00007ffaa6390000 - 0x00007ffaa63c1000 	C:\WINDOWS\System32\IMM32.DLL
0x00007ffa8b6d0000 - 0x00007ffa8b6dc000 	C:\Program Files\Android\Android Studio\jbr\bin\vcruntime140_1.dll
0x00007ffa0d120000 - 0x00007ffa0d1ad000 	C:\Program Files\Android\Android Studio\jbr\bin\msvcp140.dll
0x00007ffa2ce40000 - 0x00007ffa2dac3000 	C:\Program Files\Android\Android Studio\jbr\bin\server\jvm.dll
0x00007ffaa5730000 - 0x00007ffaa57e2000 	C:\WINDOWS\System32\ADVAPI32.dll
0x00007ffaa57f0000 - 0x00007ffaa5897000 	C:\WINDOWS\System32\sechost.dll
0x00007ffaa45b0000 - 0x00007ffaa45d8000 	C:\WINDOWS\System32\bcrypt.dll
0x00007ffaa65c0000 - 0x00007ffaa66d4000 	C:\WINDOWS\System32\RPCRT4.dll
0x00007ffaa3e80000 - 0x00007ffaa3ecd000 	C:\WINDOWS\SYSTEM32\POWRPROF.dll
0x00007ffa89520000 - 0x00007ffa89529000 	C:\WINDOWS\SYSTEM32\WSOCK32.dll
0x00007ffaa6540000 - 0x00007ffaa65b1000 	C:\WINDOWS\System32\WS2_32.dll
0x00007ffa9df40000 - 0x00007ffa9df74000 	C:\WINDOWS\SYSTEM32\WINMM.dll
0x00007ffa9a910000 - 0x00007ffa9a91a000 	C:\WINDOWS\SYSTEM32\VERSION.dll
0x00007ffaa3e60000 - 0x00007ffaa3e73000 	C:\WINDOWS\SYSTEM32\UMPDC.dll
0x00007ffaa2ff0000 - 0x00007ffaa3008000 	C:\WINDOWS\SYSTEM32\kernel.appcore.dll
0x00007ffa6e590000 - 0x00007ffa6e59a000 	C:\Program Files\Android\Android Studio\jbr\bin\jimage.dll
0x00007ffaa1a60000 - 0x00007ffaa1c92000 	C:\WINDOWS\SYSTEM32\DBGHELP.DLL
0x00007ffaa5b20000 - 0x00007ffaa5eb1000 	C:\WINDOWS\System32\combase.dll
0x00007ffaa6130000 - 0x00007ffaa6207000 	C:\WINDOWS\System32\OLEAUT32.dll
0x00007ffa84f50000 - 0x00007ffa84f82000 	C:\WINDOWS\SYSTEM32\dbgcore.DLL
0x00007ffaa4410000 - 0x00007ffaa448b000 	C:\WINDOWS\System32\bcryptPrimitives.dll
0x00007ffa69c60000 - 0x00007ffa69c85000 	C:\Program Files\Android\Android Studio\jbr\bin\java.dll
0x00007ffa69c00000 - 0x00007ffa69c18000 	C:\Program Files\Android\Android Studio\jbr\bin\zip.dll
0x00007ffaa4eb0000 - 0x00007ffaa5729000 	C:\WINDOWS\System32\SHELL32.dll
0x00007ffaa1ca0000 - 0x00007ffaa25a9000 	C:\WINDOWS\SYSTEM32\windows.storage.dll
0x00007ffaa26c0000 - 0x00007ffaa27ff000 	C:\WINDOWS\SYSTEM32\wintypes.dll
0x00007ffaa6700000 - 0x00007ffaa67fa000 	C:\WINDOWS\System32\SHCORE.dll
0x00007ffaa49e0000 - 0x00007ffaa4a3e000 	C:\WINDOWS\System32\shlwapi.dll
0x00007ffaa3ee0000 - 0x00007ffaa3f0b000 	C:\WINDOWS\SYSTEM32\profapi.dll
0x00007ffa70bb0000 - 0x00007ffa70bc9000 	C:\Program Files\Android\Android Studio\jbr\bin\net.dll
0x00007ffa9dab0000 - 0x00007ffa9dbe6000 	C:\WINDOWS\SYSTEM32\WINHTTP.dll
0x00007ffaa3470000 - 0x00007ffaa34d9000 	C:\WINDOWS\system32\mswsock.dll
0x00007ffa69be0000 - 0x00007ffa69bf6000 	C:\Program Files\Android\Android Studio\jbr\bin\nio.dll
0x00007ffa600b0000 - 0x00007ffa600c0000 	C:\Program Files\Android\Android Studio\jbr\bin\verify.dll

dbghelp: loaded successfully - version: 4.0.5 - missing functions: none
symbol engine: initialized successfully - sym options: 0x614 - pdb path: .;C:\Program Files\Android\Android Studio\jbr\bin;C:\WINDOWS\SYSTEM32;C:\WINDOWS\WinSxS\amd64_microsoft.windows.common-controls_6595b64144ccf1df_6.0.22621.4541_none_2710d1c57384c085;C:\Program Files\Android\Android Studio\jbr\bin\server

VM Arguments:
java_command: org.jetbrains.kotlin.cli.jvm.K2JVMCompiler @C:\Users\fredy\AndroidStudioProjects\ReservasGO_DADM\app\build\20250119_6106792935791045142.compiler.options
java_class_path (initial): C:\Users\fredy\.gradle\caches\modules-2\files-2.1\org.jetbrains.kotlin\kotlin-compiler-embeddable\1.9.0\2c8c3a7402becca891f12739b3e9fd2dc2adbd7a\kotlin-compiler-embeddable-1.9.0.jar;C:\Users\fredy\.gradle\caches\modules-2\files-2.1\org.jetbrains.kotlin\kotlin-stdlib\1.9.0\8ee15ef0c67dc83d874f412d84378d7f0eb50b63\kotlin-stdlib-1.9.0.jar;C:\Users\fredy\.gradle\caches\modules-2\files-2.1\org.jetbrains.kotlin\kotlin-script-runtime\1.9.0\4b3102cbbb7e1b58d9d1adf89563f00069ffa7d1\kotlin-script-runtime-1.9.0.jar;C:\Users\fredy\.gradle\caches\modules-2\files-2.1\org.jetbrains.kotlin\kotlin-reflect\1.6.10\1cbe9c92c12a94eea200d23c2bbaedaf3daf5132\kotlin-reflect-1.6.10.jar;C:\Users\fredy\.gradle\caches\modules-2\files-2.1\org.jetbrains.kotlin\kotlin-daemon-embeddable\1.9.0\186543f5e28cf8d9a0290fecc2cf34301c40a65c\kotlin-daemon-embeddable-1.9.0.jar;C:\Users\fredy\.gradle\caches\modules-2\files-2.1\org.jetbrains.intellij.deps\trove4j\1.0.20200330\3afb14d5f9ceb459d724e907a21145e8ff394f02\trove4j-1.0.20200330.jar;C:\Users\fredy\.gradle\caches\modules-2\files-2.1\org.jetbrains.kotlin\kotlin-stdlib-common\1.9.0\cd65c21cfd1eec4d44ef09f9f52b6d9f8a720636\kotlin-stdlib-common-1.9.0.jar;C:\Users\fredy\.gradle\caches\modules-2\files-2.1\org.jetbrains\annotations\13.0\919f0dfe192fb4e063e7dacadee7f8bb9a2672a9\annotations-13.0.jar
Launcher Type: SUN_STANDARD

[Global flags]
     intx CICompilerCount                          = 2                                         {product} {ergonomic}
     uint ConcGCThreads                            = 1                                         {product} {ergonomic}
     uint G1ConcRefinementThreads                  = 2                                         {product} {ergonomic}
   size_t G1HeapRegionSize                         = 1048576                                   {product} {ergonomic}
    uintx GCDrainStackTargetSize                   = 64                                        {product} {ergonomic}
   size_t InitialHeapSize                          = 58720256                                  {product} {ergonomic}
   size_t MarkStackSize                            = 4194304                                   {product} {ergonomic}
   size_t MaxHeapSize                              = 918552576                                 {product} {ergonomic}
   size_t MaxNewSize                               = 550502400                                 {product} {ergonomic}
   size_t MinHeapDeltaBytes                        = 1048576                                   {product} {ergonomic}
   size_t MinHeapSize                              = 8388608                                   {product} {ergonomic}
    uintx NonNMethodCodeHeapSize                   = 5826188                                {pd product} {ergonomic}
    uintx NonProfiledCodeHeapSize                  = 122916026                              {pd product} {ergonomic}
    uintx ProfiledCodeHeapSize                     = 122916026                              {pd product} {ergonomic}
    uintx ReservedCodeCacheSize                    = 251658240                              {pd product} {ergonomic}
     bool SegmentedCodeCache                       = true                                      {product} {ergonomic}
   size_t SoftMaxHeapSize                          = 918552576                              {manageable} {ergonomic}
     bool UseCompressedClassPointers               = true                           {product lp64_product} {ergonomic}
     bool UseCompressedOops                        = true                           {product lp64_product} {ergonomic}
     bool UseG1GC                                  = true                                      {product} {ergonomic}
     bool UseLargePagesIndividualAllocation        = false                                  {pd product} {ergonomic}

Logging:
Log output configuration:
 #0: stdout all=warning uptime,level,tags
 #1: stderr all=off uptime,level,tags

Environment Variables:
PATH=C:\Program Files\Microsoft MPI\Bin\;C:\Program Files\Common Files\Oracle\Java\javapath;C:\Program Files (x86)\Common Files\Oracle\Java\javapath;C:\windows\system32;C:\windows;C:\windows\System32\Wbem;C:\windows\System32\WindowsPowerShell\v1.0\;C:\windows\System32\OpenSSH\;C:\WINDOWS\system32;C:\WINDOWS;C:\WINDOWS\System32\Wbem;C:\WINDOWS\System32\WindowsPowerShell\v1.0\;C:\WINDOWS\System32\OpenSSH\;C:\jdk-20.0.2\bin;C:\MinGW\bin;C:\Program Files\ZeroC\Ice-3.7.10\bin;C:\Program Files (x86)\Microsoft SQL Server\160\Tools\Binn\;C:\Program Files\Microsoft SQL Server\160\Tools\Binn\;C:\Program Files\Microsoft SQL Server\Client SDK\ODBC\170\Tools\Binn\;C:\Program Files\Microsoft SQL Server\160\DTS\Binn\;C:\Program Files\HP\HP One Agent;C:\apache-maven-3.9.9\bin;C:\Program Files\MySQL\MySQL Server 8.0\bin;C:\scripts\;C:\ProgramData\chocolatey\bin;C:\Users\fredy\AppData\Local\Programs\Python\Python311;C:\Users\fredy\AppData\Local\Programs\Python\Python311\Scripts;C:\Program Files\Git\cmd;C:\Users\fredy\AppData\Local\Microsoft\WindowsApps;;C:\Users\fredy\AppData\Local\Programs\Microsoft VS Code\bin;C:\Program Files\Azure Data Studio\bin;C:\Program Files\JetBrains\IntelliJ IDEA 2024.2.1\bin;;C:\Program Files\JetBrains\IntelliJ IDEA Community Edition 2024.2.1\bin;
USERNAME=fredy
OS=Windows_NT
PROCESSOR_IDENTIFIER=AMD64 Family 23 Model 32 Stepping 1, AuthenticAMD
TMP=C:\Users\fredy\AppData\Local\Temp
TEMP=C:\Users\fredy\AppData\Local\Temp



Periodic native trim disabled

JNI global refs:
JNI global refs: 8, weak refs: 4

JNI global refs memory usage: 843, weak refs: 841

Process memory usage:
Resident Set Size: 283052K (7% of 3587896K total physical memory with 169392K free physical memory)

OOME stack traces (most recent first):
Classloader memory used:
Loader jdk.internal.loader.ClassLoaders$AppClassLoader                                 : 6810K
Loader bootstrap                                                                       : 1354K
Loader java.net.URLClassLoader                                                         : 62414B
Loader jdk.internal.reflect.DelegatingClassLoader                                      : 19499B


---------------  S Y S T E M  ---------------

OS:
 Windows 11 , 64 bit Build 22621 (10.0.22621.4391)
OS uptime: 0 days 1:26 hours

CPU: total 2 (initial active 2) (2 cores per cpu, 1 threads per core) family 23 model 32 stepping 1 microcode 0x0, cx8, cmov, fxsr, mmx, 3dnowpref, sse, sse2, sse3, ssse3, sse4a, sse4.1, sse4.2, popcnt, lzcnt, tsc, tscinvbit, avx, avx2, aes, clmul, bmi1, bmi2, adx, sha, fma, vzeroupper, clflush, clflushopt
Processor Information for all 2 processors :
  Max Mhz: 1200, Current Mhz: 1200, Mhz Limit: 1200

Memory: 4k page, system-wide physical 3503M (165M free)
TotalPageFile size 13153M (AvailPageFile size 20M)
current process WorkingSet (physical memory assigned to process): 276M, peak: 278M
current process commit charge ("private bytes"): 341M, peak: 378M

vm_info: OpenJDK 64-Bit Server VM (17.0.11+0--11852314) for windows-amd64 JRE (17.0.11+0--11852314), built on May 16 2024 21:29:20 by "androidbuild" with MS VC++ 16.10 / 16.11 (VS2019)

END.
