#
# There is insufficient memory for the Java Runtime Environment to continue.
# Native memory allocation (mmap) failed to map 58720256 bytes. Error detail: G1 virtual space
# Possible reasons:
#   The system is out of physical RAM or swap space
#   This process is running with CompressedOops enabled, and the Java Heap may be blocking the growth of the native heap
# Possible solutions:
#   Reduce memory load on the system
#   Increase physical memory or swap space
#   Check if swap backing store is full
#   Decrease Java heap size (-Xmx/-Xms)
#   Decrease number of Java threads
#   Decrease Java thread stack sizes (-Xss)
#   Set larger code cache with -XX:ReservedCodeCacheSize=
#   JVM is running with Unscaled Compressed Oops mode in which the Java heap is
#     placed in the first 4GB address space. The Java Heap base address is the
#     maximum limit for the native heap growth. Please use -XX:HeapBaseMinAddress
#     to set the Java Heap base and to place the Java Heap above 4GB virtual address.
# This output file may be truncated or incomplete.
#
#  Out of Memory Error (os_windows.cpp:3825), pid=8120, tid=7300
#
# JRE version:  (17.0.11) (build )
# Java VM: OpenJDK 64-Bit Server VM (17.0.11+0--11852314, mixed mode, sharing, tiered, compressed oops, compressed class ptrs, g1 gc, windows-amd64)
# No core dump will be written. Minidumps are not enabled by default on client versions of Windows
#

---------------  S U M M A R Y ------------

Command Line: git4idea.http.GitAskPassApp Username for 'https://github.com': 

Host: AMD 3020e with Radeon Graphics                 , 2 cores, 3G,  Windows 11 , 64 bit Build 22621 (10.0.22621.4391)
Time: Fri Nov 22 00:25:42 2024 Hora estándar romance elapsed time: 0.055708 seconds (0d 0h 0m 0s)

---------------  T H R E A D  ---------------

Current thread (0x0000023c354fdc70):  JavaThread "Unknown thread" [_thread_in_vm, id=7300, stack(0x0000006896600000,0x0000006896700000)]

Stack: [0x0000006896600000,0x0000006896700000]
Native frames: (J=compiled Java code, j=interpreted, Vv=VM code, C=native code)
V  [jvm.dll+0x687bb9]
V  [jvm.dll+0x84142a]
V  [jvm.dll+0x8430ae]
V  [jvm.dll+0x843713]
V  [jvm.dll+0x24a35f]
V  [jvm.dll+0x684989]
V  [jvm.dll+0x67923a]
V  [jvm.dll+0x30af0b]
V  [jvm.dll+0x3123b6]
V  [jvm.dll+0x361dfe]
V  [jvm.dll+0x36202f]
V  [jvm.dll+0x2e0d38]
V  [jvm.dll+0x2e1ca4]
V  [jvm.dll+0x811f21]
V  [jvm.dll+0x36fb68]
V  [jvm.dll+0x7f0896]
V  [jvm.dll+0x3f3d2f]
V  [jvm.dll+0x3f58e1]
C  [jli.dll+0x528f]
C  [ucrtbase.dll+0x29333]
C  [KERNEL32.DLL+0x1259d]
C  [ntdll.dll+0x5af38]


---------------  P R O C E S S  ---------------

Threads class SMR info:
_java_thread_list=0x00007ffa8bbdefd8, length=0, elements={
}

Java Threads: ( => current thread )

Other Threads:
  0x0000023c35537190 GCTaskThread "GC Thread#0" [stack: 0x0000006896700000,0x0000006896800000] [id=4296]
  0x0000023c3553ee60 ConcurrentGCThread "G1 Main Marker" [stack: 0x0000006896800000,0x0000006896900000] [id=11880]
  0x0000023c3553f880 ConcurrentGCThread "G1 Conc#0" [stack: 0x0000006896900000,0x0000006896a00000] [id=1136]

[error occurred during error reporting (printing all threads), id 0xc0000005, EXCEPTION_ACCESS_VIOLATION (0xc0000005) at pc=0x00007ffa8b391907]

VM state: not at safepoint (not fully initialized)

VM Mutex/Monitor currently owned by a thread:  ([mutex/lock_event])
[0x0000023c354f9560] Heap_lock - owner thread: 0x0000023c354fdc70

Heap address: 0x00000000c9400000, size: 876 MB, Compressed Oops mode: 32-bit

CDS archive(s) mapped at: [0x0000000000000000-0x0000000000000000-0x0000000000000000), size 0, SharedBaseAddress: 0x0000000800000000, ArchiveRelocationMode: 1.
Narrow klass base: 0x0000000000000000, Narrow klass shift: 0, Narrow klass range: 0x0

GC Precious Log:
<Empty>

Heap:
 garbage-first heap   total 0K, used 0K [0x00000000c9400000, 0x0000000100000000)
  region size 1024K, 0 young (0K), 0 survivors (0K)
 Metaspace       used 0K, committed 0K, reserved 0K
  class space    used 0K, committed 0K, reserved 0K

Heap Regions: E=young(eden), S=young(survivor), O=old, HS=humongous(starts), HC=humongous(continues), CS=collection set, F=free, OA=open archive, CA=closed archive, TAMS=top-at-mark-start (previous, next)

Card table byte_map: [0x0000023c49770000,0x0000023c49930000] _byte_map_base: 0x0000023c49126000

Marking Bits (Prev, Next): (CMBitMap*) 0x0000023c355377b0, (CMBitMap*) 0x0000023c355377f0
 Prev Bits: [0x0000023c49af0000, 0x0000023c4a8a0000)
 Next Bits: [0x0000023c4a8a0000, 0x0000023c4b650000)

GC Heap History (0 events):
No events

Dll operation events (1 events):
Event: 0.035 Loaded shared library C:\Program Files\Android\Android Studio\jbr\bin\java.dll

Deoptimization events (0 events):
No events

Classes unloaded (0 events):
No events

Classes redefined (0 events):
No events

Internal exceptions (0 events):
No events

VM Operations (0 events):
No events

Events (0 events):
No events


Dynamic libraries:
0x00007ff61bf60000 - 0x00007ff61bf6a000 	C:\Program Files\Android\Android Studio\jbr\bin\java.exe
0x00007ffaef2b0000 - 0x00007ffaef4c7000 	C:\WINDOWS\SYSTEM32\ntdll.dll
0x00007ffaedc10000 - 0x00007ffaedcd4000 	C:\WINDOWS\System32\KERNEL32.DLL
0x00007ffaec930000 - 0x00007ffaecce9000 	C:\WINDOWS\System32\KERNELBASE.dll
0x00007ffaec810000 - 0x00007ffaec921000 	C:\WINDOWS\System32\ucrtbase.dll
0x00007ffaae340000 - 0x00007ffaae357000 	C:\Program Files\Android\Android Studio\jbr\bin\jli.dll
0x00007ffaed640000 - 0x00007ffaed7ee000 	C:\WINDOWS\System32\USER32.dll
0x00007ffaeced0000 - 0x00007ffaecef6000 	C:\WINDOWS\System32\win32u.dll
0x00007ffaedff0000 - 0x00007ffaee019000 	C:\WINDOWS\System32\GDI32.dll
0x00007ffaecdb0000 - 0x00007ffaececb000 	C:\WINDOWS\System32\gdi32full.dll
0x00007ffaecf00000 - 0x00007ffaecf9a000 	C:\WINDOWS\System32\msvcp_win.dll
0x00007ffaa22b0000 - 0x00007ffaa22cb000 	C:\Program Files\Android\Android Studio\jbr\bin\VCRUNTIME140.dll
0x00007ffad60c0000 - 0x00007ffad6352000 	C:\WINDOWS\WinSxS\amd64_microsoft.windows.common-controls_6595b64144ccf1df_6.0.22621.4391_none_2715d37f73803e96\COMCTL32.dll
0x00007ffaed280000 - 0x00007ffaed327000 	C:\WINDOWS\System32\msvcrt.dll
0x00007ffaeded0000 - 0x00007ffaedf01000 	C:\WINDOWS\System32\IMM32.DLL
0x00007ffab8370000 - 0x00007ffab837c000 	C:\Program Files\Android\Android Studio\jbr\bin\vcruntime140_1.dll
0x00007ffa92b10000 - 0x00007ffa92b9d000 	C:\Program Files\Android\Android Studio\jbr\bin\msvcp140.dll
0x00007ffa8b0a0000 - 0x00007ffa8bd23000 	C:\Program Files\Android\Android Studio\jbr\bin\server\jvm.dll
0x00007ffaecfe0000 - 0x00007ffaed092000 	C:\WINDOWS\System32\ADVAPI32.dll
0x00007ffaeed20000 - 0x00007ffaeedc7000 	C:\WINDOWS\System32\sechost.dll
0x00007ffaecfa0000 - 0x00007ffaecfc8000 	C:\WINDOWS\System32\bcrypt.dll
0x00007ffaed0a0000 - 0x00007ffaed1b4000 	C:\WINDOWS\System32\RPCRT4.dll
0x00007ffaec480000 - 0x00007ffaec4cd000 	C:\WINDOWS\SYSTEM32\POWRPROF.dll
0x00007ffae5230000 - 0x00007ffae5239000 	C:\WINDOWS\SYSTEM32\WSOCK32.dll
0x00007ffaedd10000 - 0x00007ffaedd81000 	C:\WINDOWS\System32\WS2_32.dll
0x00007ffae4670000 - 0x00007ffae46a4000 	C:\WINDOWS\SYSTEM32\WINMM.dll
0x00007ffae4270000 - 0x00007ffae427a000 	C:\WINDOWS\SYSTEM32\VERSION.dll
0x00007ffaec460000 - 0x00007ffaec473000 	C:\WINDOWS\SYSTEM32\UMPDC.dll
0x00007ffaeb5f0000 - 0x00007ffaeb608000 	C:\WINDOWS\SYSTEM32\kernel.appcore.dll
0x00007ffae2800000 - 0x00007ffae280a000 	C:\Program Files\Android\Android Studio\jbr\bin\jimage.dll
0x00007ffaea040000 - 0x00007ffaea272000 	C:\WINDOWS\SYSTEM32\DBGHELP.DLL
0x00007ffaeedd0000 - 0x00007ffaef15f000 	C:\WINDOWS\System32\combase.dll
0x00007ffaedad0000 - 0x00007ffaedba7000 	C:\WINDOWS\System32\OLEAUT32.dll
0x00007fface0e0000 - 0x00007fface112000 	C:\WINDOWS\SYSTEM32\dbgcore.DLL
0x00007ffaec790000 - 0x00007ffaec80b000 	C:\WINDOWS\System32\bcryptPrimitives.dll
0x00007ffabe490000 - 0x00007ffabe4b5000 	C:\Program Files\Android\Android Studio\jbr\bin\java.dll

dbghelp: loaded successfully - version: 4.0.5 - missing functions: none
symbol engine: initialized successfully - sym options: 0x614 - pdb path: .;C:\Program Files\Android\Android Studio\jbr\bin;C:\WINDOWS\SYSTEM32;C:\WINDOWS\WinSxS\amd64_microsoft.windows.common-controls_6595b64144ccf1df_6.0.22621.4391_none_2715d37f73803e96;C:\Program Files\Android\Android Studio\jbr\bin\server

VM Arguments:
java_command: git4idea.http.GitAskPassApp Username for 'https://github.com': 
java_class_path (initial): C:/Program Files/Android/Android Studio/plugins/vcs-git/lib/git4idea-rt.jar;C:/Program Files/Android/Android Studio/lib/externalProcess-rt.jar
Launcher Type: SUN_STANDARD

[Global flags]
     intx CICompilerCount                          = 2                                         {product} {ergonomic}
     uint ConcGCThreads                            = 1                                         {product} {ergonomic}
     uint G1ConcRefinementThreads                  = 2                                         {product} {ergonomic}
   size_t G1HeapRegionSize                         = 1048576                                   {product} {ergonomic}
    uintx GCDrainStackTargetSize                   = 64                                        {product} {ergonomic}
   size_t InitialHeapSize                          = 58720256                                  {product} {ergonomic}
   size_t MarkStackSize                            = 4194304                                   {product} {ergonomic}
   size_t MaxHeapSize                              = 918552576                                 {product} {ergonomic}
   size_t MinHeapDeltaBytes                        = 1048576                                   {product} {ergonomic}
   size_t MinHeapSize                              = 8388608                                   {product} {ergonomic}
    uintx NonNMethodCodeHeapSize                   = 5826188                                {pd product} {ergonomic}
    uintx NonProfiledCodeHeapSize                  = 122916026                              {pd product} {ergonomic}
    uintx ProfiledCodeHeapSize                     = 122916026                              {pd product} {ergonomic}
    uintx ReservedCodeCacheSize                    = 251658240                              {pd product} {ergonomic}
     bool SegmentedCodeCache                       = true                                      {product} {ergonomic}
   size_t SoftMaxHeapSize                          = 918552576                              {manageable} {ergonomic}
     bool UseCompressedClassPointers               = true                           {product lp64_product} {ergonomic}
     bool UseCompressedOops                        = true                           {product lp64_product} {ergonomic}
     bool UseG1GC                                  = true                                      {product} {ergonomic}
     bool UseLargePagesIndividualAllocation        = false                                  {pd product} {ergonomic}

Logging:
Log output configuration:
 #0: stdout all=warning uptime,level,tags
 #1: stderr all=off uptime,level,tags

Environment Variables:
PATH=C:\Program Files\Git\mingw64\libexec\git-core;C:\Program Files\Git\mingw64\libexec\git-core;C:\Program Files\Git\mingw64\bin;C:\Program Files\Git\usr\bin;C:\Users\fredy\bin;C:\Program Files\Microsoft MPI\Bin;C:\Program Files\Common Files\Oracle\Java\javapath;C:\Program Files (x86)\Common Files\Oracle\Java\javapath;C:\windows\system32;C:\windows;C:\windows\System32\Wbem;C:\windows\System32\WindowsPowerShell\v1.0;C:\windows\System32\OpenSSH;C:\WINDOWS\system32;C:\WINDOWS;C:\WINDOWS\System32\Wbem;C:\WINDOWS\System32\WindowsPowerShell\v1.0;C:\WINDOWS\System32\OpenSSH;C:\jdk-20.0.2\bin;C:\MinGW\bin;C:\Program Files\ZeroC\Ice-3.7.10\bin;C:\Program Files (x86)\Microsoft SQL Server\160\Tools\Binn;C:\Program Files\Microsoft SQL Server\160\Tools\Binn;C:\Program Files\Microsoft SQL Server\Client SDK\ODBC\170\Tools\Binn;C:\Program Files\Microsoft SQL Server\160\DTS\Binn;C:\Program Files\HP\HP One Agent;C:\apache-maven-3.9.9\bin;C:\Program Files\MySQL\MySQL Server 8.0\bin;C:\scripts;C:\ProgramData\chocolatey\bin;C:\Users\fredy\AppData\Local\Programs\Python\Python311;C:\Users\fredy\AppData\Local\Programs\Python\Python311\Scripts;C:\Program Files\Git\cmd;C:\Users\fredy\AppData\Local\Microsoft\WindowsApps;C:\Users\fredy\AppData\Local\Programs\Microsoft VS Code\bin;C:\Program Files\Azure Data Studio\bin;C:\Program Files\JetBrains\IntelliJ IDEA 2024.2.1\bin;C:\Program Files\JetBrains\IntelliJ IDEA Community Edition 2024.2.1\bin
USERNAME=fredy
DISPLAY=:0.0
LC_ALL=en_US.UTF-8
TERM=xterm-256color
TMPDIR=C:\Users\fredy\AppData\Local\Temp
OS=Windows_NT
PROCESSOR_IDENTIFIER=AMD64 Family 23 Model 32 Stepping 1, AuthenticAMD
TMP=C:\Users\fredy\AppData\Local\Temp
TEMP=C:\Users\fredy\AppData\Local\Temp



Periodic native trim disabled

JNI global refs:
JNI global refs: 0, weak refs: 0

JNI global refs memory usage: 0, weak refs: 0

Process memory usage:
Resident Set Size: 11508K (0% of 3587900K total physical memory with 305184K free physical memory)

OOME stack traces (most recent first):
Classloader memory used:


---------------  S Y S T E M  ---------------

OS:
 Windows 11 , 64 bit Build 22621 (10.0.22621.4391)
OS uptime: 0 days 5:25 hours

CPU: total 2 (initial active 2) (2 cores per cpu, 1 threads per core) family 23 model 32 stepping 1 microcode 0x0, cx8, cmov, fxsr, mmx, 3dnowpref, sse, sse2, sse3, ssse3, sse4a, sse4.1, sse4.2, popcnt, lzcnt, tsc, tscinvbit, avx, avx2, aes, clmul, bmi1, bmi2, adx, sha, fma, vzeroupper, clflush, clflushopt
Processor Information for all 2 processors :
  Max Mhz: 1200, Current Mhz: 1200, Mhz Limit: 1200

Memory: 4k page, system-wide physical 3503M (298M free)
TotalPageFile size 11870M (AvailPageFile size 27M)
current process WorkingSet (physical memory assigned to process): 11M, peak: 11M
current process commit charge ("private bytes"): 47M, peak: 103M

vm_info: OpenJDK 64-Bit Server VM (17.0.11+0--11852314) for windows-amd64 JRE (17.0.11+0--11852314), built on May 16 2024 21:29:20 by "androidbuild" with MS VC++ 16.10 / 16.11 (VS2019)

END.
