#
# There is insufficient memory for the Java Runtime Environment to continue.
# Native memory allocation (mmap) failed to map 56623104 bytes. Error detail: G1 virtual space
# Possible reasons:
#   The system is out of physical RAM or swap space
#   This process is running with CompressedOops enabled, and the Java Heap may be blocking the growth of the native heap
# Possible solutions:
#   Reduce memory load on the system
#   Increase physical memory or swap space
#   Check if swap backing store is full
#   Decrease Java heap size (-Xmx/-Xms)
#   Decrease number of Java threads
#   Decrease Java thread stack sizes (-Xss)
#   Set larger code cache with -XX:ReservedCodeCacheSize=
#   JVM is running with Unscaled Compressed Oops mode in which the Java heap is
#     placed in the first 4GB address space. The Java Heap base address is the
#     maximum limit for the native heap growth. Please use -XX:HeapBaseMinAddress
#     to set the Java Heap base and to place the Java Heap above 4GB virtual address.
# This output file may be truncated or incomplete.
#
#  Out of Memory Error (os_windows.cpp:3825), pid=9488, tid=13048
#
# JRE version: OpenJDK Runtime Environment (17.0.11) (build 17.0.11+0--11852314)
# Java VM: OpenJDK 64-Bit Server VM (17.0.11+0--11852314, mixed mode, tiered, compressed oops, compressed class ptrs, g1 gc, windows-amd64)
# No core dump will be written. Minidumps are not enabled by default on client versions of Windows
#

---------------  S U M M A R Y ------------

Command Line: org.jetbrains.kotlin.cli.jvm.K2JVMCompiler @C:\Users\fredy\AndroidStudioProjects\ReservasGO_DADM\app\build\20250120_17415110484805556957.compiler.options

Host: AMD 3020e with Radeon Graphics                 , 2 cores, 3G,  Windows 11 , 64 bit Build 22621 (10.0.22621.4391)
Time: Mon Jan 20 01:06:25 2025 Hora estándar romance elapsed time: 179.349669 seconds (0d 0h 2m 59s)

---------------  T H R E A D  ---------------

Current thread (0x0000027f4cd9e120):  VMThread "VM Thread" [stack: 0x000000c652400000,0x000000c652500000] [id=13048]

Stack: [0x000000c652400000,0x000000c652500000]
Native frames: (J=compiled Java code, j=interpreted, Vv=VM code, C=native code)
V  [jvm.dll+0x687bb9]
V  [jvm.dll+0x84142a]
V  [jvm.dll+0x8430ae]
V  [jvm.dll+0x843713]
V  [jvm.dll+0x24a35f]
V  [jvm.dll+0x684989]
V  [jvm.dll+0x67923a]
V  [jvm.dll+0x30af0b]
V  [jvm.dll+0x3123b6]
V  [jvm.dll+0x361dfe]
V  [jvm.dll+0x36202f]
V  [jvm.dll+0x2e0d38]
V  [jvm.dll+0x2e3e26]
V  [jvm.dll+0x2ee63a]
V  [jvm.dll+0x323270]
V  [jvm.dll+0x847e0b]
V  [jvm.dll+0x848b42]
V  [jvm.dll+0x84905d]
V  [jvm.dll+0x849434]
V  [jvm.dll+0x849500]
V  [jvm.dll+0x7efa4a]
V  [jvm.dll+0x686a35]
C  [ucrtbase.dll+0x29333]
C  [KERNEL32.DLL+0x1259d]
C  [ntdll.dll+0x5af38]

VM_Operation (0x000000c6520ff4b0): G1PauseRemark, mode: safepoint, requested by thread 0x0000027f4cd2dc20


---------------  P R O C E S S  ---------------

Threads class SMR info:
_java_thread_list=0x0000027f6366f480, length=12, elements={
0x0000027f4ccee980, 0x0000027f6328c020, 0x0000027f6328ccb0, 0x0000027f632bb2e0,
0x0000027f632bfeb0, 0x0000027f632c2880, 0x0000027f632d5010, 0x0000027f632d5c10,
0x0000027f632fe070, 0x0000027f632fe590, 0x0000027f63694410, 0x0000027f63694fa0
}

Java Threads: ( => current thread )
  0x0000027f4ccee980 JavaThread "main" [_thread_blocked, id=14172, stack(0x000000c651e00000,0x000000c651f00000)]
  0x0000027f6328c020 JavaThread "Reference Handler" daemon [_thread_blocked, id=8700, stack(0x000000c652500000,0x000000c652600000)]
  0x0000027f6328ccb0 JavaThread "Finalizer" daemon [_thread_blocked, id=13396, stack(0x000000c652600000,0x000000c652700000)]
  0x0000027f632bb2e0 JavaThread "Signal Dispatcher" daemon [_thread_blocked, id=7868, stack(0x000000c652700000,0x000000c652800000)]
  0x0000027f632bfeb0 JavaThread "Attach Listener" daemon [_thread_blocked, id=13824, stack(0x000000c652800000,0x000000c652900000)]
  0x0000027f632c2880 JavaThread "Service Thread" daemon [_thread_blocked, id=44, stack(0x000000c652900000,0x000000c652a00000)]
  0x0000027f632d5010 JavaThread "Monitor Deflation Thread" daemon [_thread_blocked, id=1840, stack(0x000000c652a00000,0x000000c652b00000)]
  0x0000027f632d5c10 JavaThread "C2 CompilerThread0" daemon [_thread_blocked, id=1392, stack(0x000000c652b00000,0x000000c652c00000)]
  0x0000027f632fe070 JavaThread "C1 CompilerThread0" daemon [_thread_blocked, id=6788, stack(0x000000c652c00000,0x000000c652d00000)]
  0x0000027f632fe590 JavaThread "Sweeper thread" daemon [_thread_blocked, id=6020, stack(0x000000c652d00000,0x000000c652e00000)]
  0x0000027f63694410 JavaThread "Notification Thread" daemon [_thread_blocked, id=11804, stack(0x000000c652e00000,0x000000c652f00000)]
  0x0000027f63694fa0 JavaThread "Common-Cleaner" daemon [_thread_blocked, id=14332, stack(0x000000c653000000,0x000000c653100000)]

Other Threads:
=>0x0000027f4cd9e120 VMThread "VM Thread" [stack: 0x000000c652400000,0x000000c652500000] [id=13048]
  0x0000027f63694d00 WatcherThread [stack: 0x000000c652f00000,0x000000c653000000] [id=6732]
  0x0000027f4cd25f50 GCTaskThread "GC Thread#0" [stack: 0x000000c651f00000,0x000000c652000000] [id=7300]
  0x0000027f63896b90 GCTaskThread "GC Thread#1" [stack: 0x000000c653100000,0x000000c653200000] [id=6804]
  0x0000027f4cd2dc20 ConcurrentGCThread "G1 Main Marker" [stack: 0x000000c652000000,0x000000c652100000] [id=12828]
  0x0000027f4cd2e640 ConcurrentGCThread "G1 Conc#0" [stack: 0x000000c652100000,0x000000c652200000] [id=12996]
  0x0000027f4cd61110 ConcurrentGCThread "G1 Refine#0" [stack: 0x000000c652200000,0x000000c652300000] [id=10148]
  0x0000027f68f631e0 ConcurrentGCThread "G1 Refine#1" [stack: 0x000000c653200000,0x000000c653300000] [id=11044]
  0x0000027f4cd61b40 ConcurrentGCThread "G1 Service" [stack: 0x000000c652300000,0x000000c652400000] [id=13952]

Threads with active compile tasks:
C2 CompilerThread0   179464 20585       4       org.jetbrains.kotlin.backend.jvm.mapping.IrTypeMapper::computeClassInternalName (303 bytes)

VM state: at safepoint (normal execution)

VM Mutex/Monitor currently owned by a thread:  ([mutex/lock_event])
[0x0000027f4ccea300] Threads_lock - owner thread: 0x0000027f4cd9e120
[0x0000027f4cce9a90] Heap_lock - owner thread: 0x0000027f4cd2dc20

Heap address: 0x00000000c9400000, size: 876 MB, Compressed Oops mode: 32-bit

CDS archive(s) not mapped
Compressed class space mapped at: 0x0000000100000000-0x0000000140000000, reserved size: 1073741824
Narrow klass base: 0x0000000000000000, Narrow klass shift: 3, Narrow klass range: 0x140000000

GC Precious Log:
 CPUs: 2 total, 2 available
 Memory: 3503M
 Large Page Support: Disabled
 NUMA Support: Disabled
 Compressed Oops: Enabled (32-bit)
 Heap Region Size: 1M
 Heap Min Capacity: 8M
 Heap Initial Capacity: 56M
 Heap Max Capacity: 876M
 Pre-touch: Disabled
 Parallel Workers: 2
 Concurrent Workers: 1
 Concurrent Refinement Workers: 2
 Periodic GC: Disabled

Heap:
 garbage-first heap   total 197632K, used 149737K [0x00000000c9400000, 0x0000000100000000)
  region size 1024K, 7 young (7168K), 2 survivors (2048K)
 Metaspace       used 93743K, committed 94144K, reserved 1179648K
  class space    used 9778K, committed 9984K, reserved 1048576K

Heap Regions: E=young(eden), S=young(survivor), O=old, HS=humongous(starts), HC=humongous(continues), CS=collection set, F=free, OA=open archive, CA=closed archive, TAMS=top-at-mark-start (previous, next)
|   0|0x00000000c9400000, 0x00000000c9500000, 0x00000000c9500000|100%|HS|  |TAMS 0x00000000c9500000, 0x00000000c9400000| Complete 
|   1|0x00000000c9500000, 0x00000000c9600000, 0x00000000c9600000|100%|HC|  |TAMS 0x00000000c9600000, 0x00000000c9500000| Complete 
|   2|0x00000000c9600000, 0x00000000c9700000, 0x00000000c9700000|100%|HC|  |TAMS 0x00000000c9700000, 0x00000000c9600000| Complete 
|   3|0x00000000c9700000, 0x00000000c9800000, 0x00000000c9800000|100%|HC|  |TAMS 0x00000000c9800000, 0x00000000c9700000| Complete 
|   4|0x00000000c9800000, 0x00000000c9900000, 0x00000000c9900000|100%| O|  |TAMS 0x00000000c9900000, 0x00000000c9800000| Untracked 
|   5|0x00000000c9900000, 0x00000000c9a00000, 0x00000000c9a00000|100%| O|  |TAMS 0x00000000c9a00000, 0x00000000c9900000| Updating 
|   6|0x00000000c9a00000, 0x00000000c9b00000, 0x00000000c9b00000|100%| O|  |TAMS 0x00000000c9b00000, 0x00000000c9a00000| Untracked 
|   7|0x00000000c9b00000, 0x00000000c9c00000, 0x00000000c9c00000|100%| O|  |TAMS 0x00000000c9c00000, 0x00000000c9b00000| Untracked 
|   8|0x00000000c9c00000, 0x00000000c9d00000, 0x00000000c9d00000|100%| O|  |TAMS 0x00000000c9d00000, 0x00000000c9c00000| Updating 
|   9|0x00000000c9d00000, 0x00000000c9e00000, 0x00000000c9e00000|100%| O|  |TAMS 0x00000000c9e00000, 0x00000000c9d00000| Untracked 
|  10|0x00000000c9e00000, 0x00000000c9f00000, 0x00000000c9f00000|100%| O|  |TAMS 0x00000000c9f00000, 0x00000000c9e00000| Updating 
|  11|0x00000000c9f00000, 0x00000000ca000000, 0x00000000ca000000|100%| O|  |TAMS 0x00000000ca000000, 0x00000000c9f00000| Untracked 
|  12|0x00000000ca000000, 0x00000000ca100000, 0x00000000ca100000|100%| O|  |TAMS 0x00000000ca100000, 0x00000000ca000000| Updating 
|  13|0x00000000ca100000, 0x00000000ca200000, 0x00000000ca200000|100%| O|  |TAMS 0x00000000ca200000, 0x00000000ca100000| Untracked 
|  14|0x00000000ca200000, 0x00000000ca300000, 0x00000000ca300000|100%| O|  |TAMS 0x00000000ca300000, 0x00000000ca200000| Untracked 
|  15|0x00000000ca300000, 0x00000000ca400000, 0x00000000ca400000|100%| O|  |TAMS 0x00000000ca400000, 0x00000000ca300000| Untracked 
|  16|0x00000000ca400000, 0x00000000ca500000, 0x00000000ca500000|100%| O|  |TAMS 0x00000000ca500000, 0x00000000ca400000| Untracked 
|  17|0x00000000ca500000, 0x00000000ca600000, 0x00000000ca600000|100%| O|  |TAMS 0x00000000ca600000, 0x00000000ca500000| Untracked 
|  18|0x00000000ca600000, 0x00000000ca700000, 0x00000000ca700000|100%| O|  |TAMS 0x00000000ca700000, 0x00000000ca600000| Updating 
|  19|0x00000000ca700000, 0x00000000ca800000, 0x00000000ca800000|100%| O|  |TAMS 0x00000000ca800000, 0x00000000ca700000| Untracked 
|  20|0x00000000ca800000, 0x00000000ca900000, 0x00000000ca900000|100%| O|  |TAMS 0x00000000ca900000, 0x00000000ca800000| Updating 
|  21|0x00000000ca900000, 0x00000000caa00000, 0x00000000caa00000|100%| O|  |TAMS 0x00000000caa00000, 0x00000000ca900000| Untracked 
|  22|0x00000000caa00000, 0x00000000cab00000, 0x00000000cab00000|100%| O|  |TAMS 0x00000000cab00000, 0x00000000caa00000| Untracked 
|  23|0x00000000cab00000, 0x00000000cac00000, 0x00000000cac00000|100%| O|  |TAMS 0x00000000cac00000, 0x00000000cab00000| Untracked 
|  24|0x00000000cac00000, 0x00000000cad00000, 0x00000000cad00000|100%| O|  |TAMS 0x00000000cad00000, 0x00000000cac00000| Updating 
|  25|0x00000000cad00000, 0x00000000cae00000, 0x00000000cae00000|100%| O|  |TAMS 0x00000000cae00000, 0x00000000cad00000| Untracked 
|  26|0x00000000cae00000, 0x00000000caf00000, 0x00000000caf00000|100%| O|  |TAMS 0x00000000caf00000, 0x00000000cae00000| Untracked 
|  27|0x00000000caf00000, 0x00000000cb000000, 0x00000000cb000000|100%|HS|  |TAMS 0x00000000cb000000, 0x00000000caf00000| Complete 
|  28|0x00000000cb000000, 0x00000000cb100000, 0x00000000cb100000|100%|HC|  |TAMS 0x00000000cb100000, 0x00000000cb000000| Complete 
|  29|0x00000000cb100000, 0x00000000cb200000, 0x00000000cb200000|100%| O|  |TAMS 0x00000000cb200000, 0x00000000cb100000| Untracked 
|  30|0x00000000cb200000, 0x00000000cb300000, 0x00000000cb300000|100%| O|  |TAMS 0x00000000cb300000, 0x00000000cb200000| Untracked 
|  31|0x00000000cb300000, 0x00000000cb400000, 0x00000000cb400000|100%| O|  |TAMS 0x00000000cb400000, 0x00000000cb300000| Untracked 
|  32|0x00000000cb400000, 0x00000000cb500000, 0x00000000cb500000|100%| O|  |TAMS 0x00000000cb500000, 0x00000000cb400000| Updating 
|  33|0x00000000cb500000, 0x00000000cb600000, 0x00000000cb600000|100%| O|  |TAMS 0x00000000cb600000, 0x00000000cb500000| Untracked 
|  34|0x00000000cb600000, 0x00000000cb700000, 0x00000000cb700000|100%| O|  |TAMS 0x00000000cb700000, 0x00000000cb600000| Untracked 
|  35|0x00000000cb700000, 0x00000000cb800000, 0x00000000cb800000|100%| O|  |TAMS 0x00000000cb800000, 0x00000000cb700000| Updating 
|  36|0x00000000cb800000, 0x00000000cb900000, 0x00000000cb900000|100%| O|  |TAMS 0x00000000cb900000, 0x00000000cb800000| Untracked 
|  37|0x00000000cb900000, 0x00000000cba00000, 0x00000000cba00000|100%| O|  |TAMS 0x00000000cba00000, 0x00000000cb900000| Updating 
|  38|0x00000000cba00000, 0x00000000cbb00000, 0x00000000cbb00000|100%| O|  |TAMS 0x00000000cbb00000, 0x00000000cba00000| Untracked 
|  39|0x00000000cbb00000, 0x00000000cbc00000, 0x00000000cbc00000|100%| O|  |TAMS 0x00000000cbc00000, 0x00000000cbb00000| Untracked 
|  40|0x00000000cbc00000, 0x00000000cbd00000, 0x00000000cbd00000|100%| O|  |TAMS 0x00000000cbd00000, 0x00000000cbc00000| Updating 
|  41|0x00000000cbd00000, 0x00000000cbe00000, 0x00000000cbe00000|100%| O|  |TAMS 0x00000000cbe00000, 0x00000000cbd00000| Untracked 
|  42|0x00000000cbe00000, 0x00000000cbf00000, 0x00000000cbf00000|100%| O|  |TAMS 0x00000000cbf00000, 0x00000000cbe00000| Updating 
|  43|0x00000000cbf00000, 0x00000000cc000000, 0x00000000cc000000|100%| O|  |TAMS 0x00000000cc000000, 0x00000000cbf00000| Untracked 
|  44|0x00000000cc000000, 0x00000000cc100000, 0x00000000cc100000|100%| O|  |TAMS 0x00000000cc100000, 0x00000000cc000000| Untracked 
|  45|0x00000000cc100000, 0x00000000cc200000, 0x00000000cc200000|100%| O|  |TAMS 0x00000000cc200000, 0x00000000cc100000| Untracked 
|  46|0x00000000cc200000, 0x00000000cc2d8000, 0x00000000cc300000| 84%| O|  |TAMS 0x00000000cc2d8000, 0x00000000cc200000| Updating 
|  47|0x00000000cc300000, 0x00000000cc400000, 0x00000000cc400000|100%|HS|  |TAMS 0x00000000cc400000, 0x00000000cc300000| Complete 
|  48|0x00000000cc400000, 0x00000000cc500000, 0x00000000cc500000|100%|HC|  |TAMS 0x00000000cc500000, 0x00000000cc400000| Complete 
|  49|0x00000000cc500000, 0x00000000cc600000, 0x00000000cc600000|100%| O|  |TAMS 0x00000000cc600000, 0x00000000cc500000| Untracked 
|  50|0x00000000cc600000, 0x00000000cc700000, 0x00000000cc700000|100%| O|  |TAMS 0x00000000cc700000, 0x00000000cc600000| Untracked 
|  51|0x00000000cc700000, 0x00000000cc800000, 0x00000000cc800000|100%| O|  |TAMS 0x00000000cc800000, 0x00000000cc700000| Untracked 
|  52|0x00000000cc800000, 0x00000000cc900000, 0x00000000cc900000|100%| O|  |TAMS 0x00000000cc900000, 0x00000000cc800000| Untracked 
|  53|0x00000000cc900000, 0x00000000cca00000, 0x00000000cca00000|100%| O|  |TAMS 0x00000000cca00000, 0x00000000cc900000| Untracked 
|  54|0x00000000cca00000, 0x00000000ccb00000, 0x00000000ccb00000|100%| O|  |TAMS 0x00000000ccb00000, 0x00000000cca00000| Untracked 
|  55|0x00000000ccb00000, 0x00000000ccc00000, 0x00000000ccc00000|100%| O|  |TAMS 0x00000000ccc00000, 0x00000000ccb00000| Untracked 
|  56|0x00000000ccc00000, 0x00000000ccd00000, 0x00000000ccd00000|100%| O|  |TAMS 0x00000000ccd00000, 0x00000000ccc00000| Updating 
|  57|0x00000000ccd00000, 0x00000000cce00000, 0x00000000cce00000|100%| O|  |TAMS 0x00000000cce00000, 0x00000000ccd00000| Untracked 
|  58|0x00000000cce00000, 0x00000000ccf00000, 0x00000000ccf00000|100%| O|  |TAMS 0x00000000ccf00000, 0x00000000cce00000| Untracked 
|  59|0x00000000ccf00000, 0x00000000cd000000, 0x00000000cd000000|100%| O|  |TAMS 0x00000000cd000000, 0x00000000ccf00000| Updating 
|  60|0x00000000cd000000, 0x00000000cd100000, 0x00000000cd100000|100%| O|  |TAMS 0x00000000cd100000, 0x00000000cd000000| Untracked 
|  61|0x00000000cd100000, 0x00000000cd200000, 0x00000000cd200000|100%| O|  |TAMS 0x00000000cd200000, 0x00000000cd100000| Untracked 
|  62|0x00000000cd200000, 0x00000000cd300000, 0x00000000cd300000|100%| O|  |TAMS 0x00000000cd300000, 0x00000000cd200000| Untracked 
|  63|0x00000000cd300000, 0x00000000cd400000, 0x00000000cd400000|100%| O|  |TAMS 0x00000000cd400000, 0x00000000cd300000| Untracked 
|  64|0x00000000cd400000, 0x00000000cd500000, 0x00000000cd500000|100%| O|  |TAMS 0x00000000cd500000, 0x00000000cd400000| Updating 
|  65|0x00000000cd500000, 0x00000000cd600000, 0x00000000cd600000|100%| O|  |TAMS 0x00000000cd600000, 0x00000000cd500000| Untracked 
|  66|0x00000000cd600000, 0x00000000cd700000, 0x00000000cd700000|100%| O|  |TAMS 0x00000000cd700000, 0x00000000cd600000| Untracked 
|  67|0x00000000cd700000, 0x00000000cd800000, 0x00000000cd800000|100%| O|  |TAMS 0x00000000cd800000, 0x00000000cd700000| Untracked 
|  68|0x00000000cd800000, 0x00000000cd900000, 0x00000000cd900000|100%| O|  |TAMS 0x00000000cd900000, 0x00000000cd800000| Untracked 
|  69|0x00000000cd900000, 0x00000000cda00000, 0x00000000cda00000|100%| O|  |TAMS 0x00000000cda00000, 0x00000000cd900000| Untracked 
|  70|0x00000000cda00000, 0x00000000cdb00000, 0x00000000cdb00000|100%| O|  |TAMS 0x00000000cdb00000, 0x00000000cda00000| Untracked 
|  71|0x00000000cdb00000, 0x00000000cdc00000, 0x00000000cdc00000|100%| O|  |TAMS 0x00000000cdc00000, 0x00000000cdb00000| Updating 
|  72|0x00000000cdc00000, 0x00000000cdd00000, 0x00000000cdd00000|100%| O|  |TAMS 0x00000000cdd00000, 0x00000000cdc00000| Untracked 
|  73|0x00000000cdd00000, 0x00000000cdd00000, 0x00000000cde00000|  0%| F|  |TAMS 0x00000000cdd00000, 0x00000000cdd00000| Untracked 
|  74|0x00000000cde00000, 0x00000000cde00000, 0x00000000cdf00000|  0%| F|  |TAMS 0x00000000cde00000, 0x00000000cde00000| Untracked 
|  75|0x00000000cdf00000, 0x00000000ce000000, 0x00000000ce000000|100%| O|  |TAMS 0x00000000ce000000, 0x00000000cdf00000| Untracked 
|  76|0x00000000ce000000, 0x00000000ce100000, 0x00000000ce100000|100%| O|  |TAMS 0x00000000ce100000, 0x00000000ce000000| Untracked 
|  77|0x00000000ce100000, 0x00000000ce200000, 0x00000000ce200000|100%| O|  |TAMS 0x00000000ce200000, 0x00000000ce100000| Untracked 
|  78|0x00000000ce200000, 0x00000000ce300000, 0x00000000ce300000|100%| O|  |TAMS 0x00000000ce300000, 0x00000000ce200000| Updating 
|  79|0x00000000ce300000, 0x00000000ce400000, 0x00000000ce400000|100%| O|  |TAMS 0x00000000ce400000, 0x00000000ce300000| Updating 
|  80|0x00000000ce400000, 0x00000000ce500000, 0x00000000ce500000|100%| O|  |TAMS 0x00000000ce500000, 0x00000000ce400000| Updating 
|  81|0x00000000ce500000, 0x00000000ce600000, 0x00000000ce600000|100%| O|  |TAMS 0x00000000ce600000, 0x00000000ce500000| Updating 
|  82|0x00000000ce600000, 0x00000000ce700000, 0x00000000ce700000|100%| O|  |TAMS 0x00000000ce700000, 0x00000000ce600000| Updating 
|  83|0x00000000ce700000, 0x00000000ce800000, 0x00000000ce800000|100%| O|  |TAMS 0x00000000ce800000, 0x00000000ce700000| Untracked 
|  84|0x00000000ce800000, 0x00000000ce900000, 0x00000000ce900000|100%| O|  |TAMS 0x00000000ce900000, 0x00000000ce800000| Updating 
|  85|0x00000000ce900000, 0x00000000cea00000, 0x00000000cea00000|100%| O|  |TAMS 0x00000000cea00000, 0x00000000ce900000| Untracked 
|  86|0x00000000cea00000, 0x00000000ceb00000, 0x00000000ceb00000|100%| O|  |TAMS 0x00000000ceb00000, 0x00000000cea00000| Updating 
|  87|0x00000000ceb00000, 0x00000000cec00000, 0x00000000cec00000|100%| O|  |TAMS 0x00000000cec00000, 0x00000000ceb00000| Updating 
|  88|0x00000000cec00000, 0x00000000ced00000, 0x00000000ced00000|100%| O|  |TAMS 0x00000000ced00000, 0x00000000cec00000| Untracked 
|  89|0x00000000ced00000, 0x00000000cee00000, 0x00000000cee00000|100%| O|  |TAMS 0x00000000cee00000, 0x00000000ced00000| Untracked 
|  90|0x00000000cee00000, 0x00000000cef00000, 0x00000000cef00000|100%| O|  |TAMS 0x00000000cef00000, 0x00000000cee00000| Untracked 
|  91|0x00000000cef00000, 0x00000000cf000000, 0x00000000cf000000|100%| O|  |TAMS 0x00000000cf000000, 0x00000000cef00000| Untracked 
|  92|0x00000000cf000000, 0x00000000cf100000, 0x00000000cf100000|100%| O|  |TAMS 0x00000000cf100000, 0x00000000cf000000| Untracked 
|  93|0x00000000cf100000, 0x00000000cf200000, 0x00000000cf200000|100%| O|  |TAMS 0x00000000cf200000, 0x00000000cf100000| Untracked 
|  94|0x00000000cf200000, 0x00000000cf300000, 0x00000000cf300000|100%| O|  |TAMS 0x00000000cf300000, 0x00000000cf200000| Untracked 
|  95|0x00000000cf300000, 0x00000000cf400000, 0x00000000cf400000|100%| O|  |TAMS 0x00000000cf400000, 0x00000000cf300000| Untracked 
|  96|0x00000000cf400000, 0x00000000cf500000, 0x00000000cf500000|100%| O|  |TAMS 0x00000000cf500000, 0x00000000cf400000| Untracked 
|  97|0x00000000cf500000, 0x00000000cf600000, 0x00000000cf600000|100%| O|  |TAMS 0x00000000cf600000, 0x00000000cf500000| Untracked 
|  98|0x00000000cf600000, 0x00000000cf700000, 0x00000000cf700000|100%| O|  |TAMS 0x00000000cf700000, 0x00000000cf600000| Untracked 
|  99|0x00000000cf700000, 0x00000000cf800000, 0x00000000cf800000|100%| O|  |TAMS 0x00000000cf800000, 0x00000000cf700000| Updating 
| 100|0x00000000cf800000, 0x00000000cf900000, 0x00000000cf900000|100%| O|  |TAMS 0x00000000cf900000, 0x00000000cf800000| Untracked 
| 101|0x00000000cf900000, 0x00000000cfa00000, 0x00000000cfa00000|100%| O|  |TAMS 0x00000000cfa00000, 0x00000000cf900000| Untracked 
| 102|0x00000000cfa00000, 0x00000000cfb00000, 0x00000000cfb00000|100%| O|  |TAMS 0x00000000cfb00000, 0x00000000cfa00000| Updating 
| 103|0x00000000cfb00000, 0x00000000cfc00000, 0x00000000cfc00000|100%| O|  |TAMS 0x00000000cfc00000, 0x00000000cfb00000| Updating 
| 104|0x00000000cfc00000, 0x00000000cfd00000, 0x00000000cfd00000|100%| O|  |TAMS 0x00000000cfd00000, 0x00000000cfc00000| Updating 
| 105|0x00000000cfd00000, 0x00000000cfe00000, 0x00000000cfe00000|100%| O|  |TAMS 0x00000000cfe00000, 0x00000000cfd00000| Untracked 
| 106|0x00000000cfe00000, 0x00000000cff00000, 0x00000000cff00000|100%| O|  |TAMS 0x00000000cff00000, 0x00000000cfe00000| Untracked 
| 107|0x00000000cff00000, 0x00000000d0000000, 0x00000000d0000000|100%| O|  |TAMS 0x00000000d0000000, 0x00000000cff00000| Untracked 
| 108|0x00000000d0000000, 0x00000000d0100000, 0x00000000d0100000|100%| O|  |TAMS 0x00000000d0100000, 0x00000000d0000000| Untracked 
| 109|0x00000000d0100000, 0x00000000d0200000, 0x00000000d0200000|100%| O|  |TAMS 0x00000000d0200000, 0x00000000d0100000| Untracked 
| 110|0x00000000d0200000, 0x00000000d0300000, 0x00000000d0300000|100%| O|  |TAMS 0x00000000d0300000, 0x00000000d0200000| Updating 
| 111|0x00000000d0300000, 0x00000000d0400000, 0x00000000d0400000|100%| O|  |TAMS 0x00000000d0400000, 0x00000000d0300000| Updating 
| 112|0x00000000d0400000, 0x00000000d0500000, 0x00000000d0500000|100%| O|  |TAMS 0x00000000d0500000, 0x00000000d0400000| Untracked 
| 113|0x00000000d0500000, 0x00000000d0600000, 0x00000000d0600000|100%| O|  |TAMS 0x00000000d0600000, 0x00000000d0500000| Updating 
| 114|0x00000000d0600000, 0x00000000d0700000, 0x00000000d0700000|100%| O|  |TAMS 0x00000000d0700000, 0x00000000d0600000| Untracked 
| 115|0x00000000d0700000, 0x00000000d0800000, 0x00000000d0800000|100%| O|  |TAMS 0x00000000d0800000, 0x00000000d0700000| Untracked 
| 116|0x00000000d0800000, 0x00000000d0900000, 0x00000000d0900000|100%| O|  |TAMS 0x00000000d0900000, 0x00000000d0800000| Updating 
| 117|0x00000000d0900000, 0x00000000d0a00000, 0x00000000d0a00000|100%| O|  |TAMS 0x00000000d0a00000, 0x00000000d0900000| Updating 
| 118|0x00000000d0a00000, 0x00000000d0b00000, 0x00000000d0b00000|100%| O|  |TAMS 0x00000000d0b00000, 0x00000000d0a00000| Updating 
| 119|0x00000000d0b00000, 0x00000000d0c00000, 0x00000000d0c00000|100%| O|  |TAMS 0x00000000d0c00000, 0x00000000d0b00000| Untracked 
| 120|0x00000000d0c00000, 0x00000000d0d00000, 0x00000000d0d00000|100%| O|  |TAMS 0x00000000d0d00000, 0x00000000d0c00000| Untracked 
| 121|0x00000000d0d00000, 0x00000000d0e00000, 0x00000000d0e00000|100%| O|  |TAMS 0x00000000d0e00000, 0x00000000d0d00000| Untracked 
| 122|0x00000000d0e00000, 0x00000000d0f00000, 0x00000000d0f00000|100%| O|  |TAMS 0x00000000d0f00000, 0x00000000d0e00000| Untracked 
| 123|0x00000000d0f00000, 0x00000000d1000000, 0x00000000d1000000|100%| O|  |TAMS 0x00000000d1000000, 0x00000000d0f00000| Untracked 
| 124|0x00000000d1000000, 0x00000000d1100000, 0x00000000d1100000|100%| O|  |TAMS 0x00000000d1100000, 0x00000000d1000000| Updating 
| 125|0x00000000d1100000, 0x00000000d1200000, 0x00000000d1200000|100%| O|  |TAMS 0x00000000d1200000, 0x00000000d1100000| Untracked 
| 126|0x00000000d1200000, 0x00000000d1300000, 0x00000000d1300000|100%| O|  |TAMS 0x00000000d1300000, 0x00000000d1200000| Untracked 
| 127|0x00000000d1300000, 0x00000000d1400000, 0x00000000d1400000|100%| O|  |TAMS 0x00000000d1400000, 0x00000000d1300000| Untracked 
| 128|0x00000000d1400000, 0x00000000d1500000, 0x00000000d1500000|100%| O|  |TAMS 0x00000000d1500000, 0x00000000d1400000| Untracked 
| 129|0x00000000d1500000, 0x00000000d1600000, 0x00000000d1600000|100%| O|  |TAMS 0x00000000d1600000, 0x00000000d1500000| Updating 
| 130|0x00000000d1600000, 0x00000000d1700000, 0x00000000d1700000|100%| O|  |TAMS 0x00000000d1700000, 0x00000000d1600000| Updating 
| 131|0x00000000d1700000, 0x00000000d1800000, 0x00000000d1800000|100%| O|  |TAMS 0x00000000d1800000, 0x00000000d1700000| Untracked 
| 132|0x00000000d1800000, 0x00000000d1900000, 0x00000000d1900000|100%| O|  |TAMS 0x00000000d1900000, 0x00000000d1800000| Updating 
| 133|0x00000000d1900000, 0x00000000d1a00000, 0x00000000d1a00000|100%| O|  |TAMS 0x00000000d1a00000, 0x00000000d1900000| Updating 
| 134|0x00000000d1a00000, 0x00000000d1b00000, 0x00000000d1b00000|100%| O|  |TAMS 0x00000000d1b00000, 0x00000000d1a00000| Updating 
| 135|0x00000000d1b00000, 0x00000000d1c00000, 0x00000000d1c00000|100%| O|  |TAMS 0x00000000d1c00000, 0x00000000d1b00000| Untracked 
| 136|0x00000000d1c00000, 0x00000000d1d00000, 0x00000000d1d00000|100%| O|  |TAMS 0x00000000d1d00000, 0x00000000d1c00000| Updating 
| 137|0x00000000d1d00000, 0x00000000d1e00000, 0x00000000d1e00000|100%| O|  |TAMS 0x00000000d1e00000, 0x00000000d1d00000| Updating 
| 138|0x00000000d1e00000, 0x00000000d1f00000, 0x00000000d1f00000|100%| O|  |TAMS 0x00000000d1f00000, 0x00000000d1e00000| Updating 
| 139|0x00000000d1f00000, 0x00000000d2000000, 0x00000000d2000000|100%| O|  |TAMS 0x00000000d2000000, 0x00000000d1f00000| Untracked 
| 140|0x00000000d2000000, 0x00000000d2100000, 0x00000000d2100000|100%| O|  |TAMS 0x00000000d20d0400, 0x00000000d2000000| Updating 
| 141|0x00000000d2100000, 0x00000000d2200000, 0x00000000d2200000|100%| O|  |TAMS 0x00000000d2100000, 0x00000000d2100000| Untracked 
| 142|0x00000000d2200000, 0x00000000d22af800, 0x00000000d2300000| 68%| O|  |TAMS 0x00000000d2200000, 0x00000000d2200000| Updating 
| 143|0x00000000d2300000, 0x00000000d2300000, 0x00000000d2400000|  0%| F|  |TAMS 0x00000000d2300000, 0x00000000d2300000| Untracked 
| 144|0x00000000d2400000, 0x00000000d2400000, 0x00000000d2500000|  0%| F|  |TAMS 0x00000000d2400000, 0x00000000d2400000| Untracked 
| 145|0x00000000d2500000, 0x00000000d2500000, 0x00000000d2600000|  0%| F|  |TAMS 0x00000000d2500000, 0x00000000d2500000| Untracked 
| 146|0x00000000d2600000, 0x00000000d2600000, 0x00000000d2700000|  0%| F|  |TAMS 0x00000000d2600000, 0x00000000d2600000| Untracked 
| 147|0x00000000d2700000, 0x00000000d2700000, 0x00000000d2800000|  0%| F|  |TAMS 0x00000000d2700000, 0x00000000d2700000| Untracked 
| 148|0x00000000d2800000, 0x00000000d2800000, 0x00000000d2900000|  0%| F|  |TAMS 0x00000000d2800000, 0x00000000d2800000| Untracked 
| 149|0x00000000d2900000, 0x00000000d2900000, 0x00000000d2a00000|  0%| F|  |TAMS 0x00000000d2900000, 0x00000000d2900000| Untracked 
| 150|0x00000000d2a00000, 0x00000000d2a00000, 0x00000000d2b00000|  0%| F|  |TAMS 0x00000000d2a00000, 0x00000000d2a00000| Untracked 
| 151|0x00000000d2b00000, 0x00000000d2b00000, 0x00000000d2c00000|  0%| F|  |TAMS 0x00000000d2b00000, 0x00000000d2b00000| Untracked 
| 152|0x00000000d2c00000, 0x00000000d2c00000, 0x00000000d2d00000|  0%| F|  |TAMS 0x00000000d2c00000, 0x00000000d2c00000| Untracked 
| 153|0x00000000d2d00000, 0x00000000d2d00000, 0x00000000d2e00000|  0%| F|  |TAMS 0x00000000d2d00000, 0x00000000d2d00000| Untracked 
| 154|0x00000000d2e00000, 0x00000000d2e00000, 0x00000000d2f00000|  0%| F|  |TAMS 0x00000000d2e00000, 0x00000000d2e00000| Untracked 
| 155|0x00000000d2f00000, 0x00000000d2f00000, 0x00000000d3000000|  0%| F|  |TAMS 0x00000000d2f00000, 0x00000000d2f00000| Untracked 
| 156|0x00000000d3000000, 0x00000000d3000000, 0x00000000d3100000|  0%| F|  |TAMS 0x00000000d3000000, 0x00000000d3000000| Untracked 
| 157|0x00000000d3100000, 0x00000000d3100000, 0x00000000d3200000|  0%| F|  |TAMS 0x00000000d3100000, 0x00000000d3100000| Untracked 
| 158|0x00000000d3200000, 0x00000000d3200000, 0x00000000d3300000|  0%| F|  |TAMS 0x00000000d3200000, 0x00000000d3200000| Untracked 
| 159|0x00000000d3300000, 0x00000000d3300000, 0x00000000d3400000|  0%| F|  |TAMS 0x00000000d3300000, 0x00000000d3300000| Untracked 
| 160|0x00000000d3400000, 0x00000000d3400000, 0x00000000d3500000|  0%| F|  |TAMS 0x00000000d3400000, 0x00000000d3400000| Untracked 
| 161|0x00000000d3500000, 0x00000000d3500000, 0x00000000d3600000|  0%| F|  |TAMS 0x00000000d3500000, 0x00000000d3500000| Untracked 
| 162|0x00000000d3600000, 0x00000000d3600000, 0x00000000d3700000|  0%| F|  |TAMS 0x00000000d3600000, 0x00000000d3600000| Untracked 
| 163|0x00000000d3700000, 0x00000000d3700000, 0x00000000d3800000|  0%| F|  |TAMS 0x00000000d3700000, 0x00000000d3700000| Untracked 
| 164|0x00000000d3800000, 0x00000000d3800000, 0x00000000d3900000|  0%| F|  |TAMS 0x00000000d3800000, 0x00000000d3800000| Untracked 
| 165|0x00000000d3900000, 0x00000000d3900000, 0x00000000d3a00000|  0%| F|  |TAMS 0x00000000d3900000, 0x00000000d3900000| Untracked 
| 166|0x00000000d3a00000, 0x00000000d3a00000, 0x00000000d3b00000|  0%| F|  |TAMS 0x00000000d3a00000, 0x00000000d3a00000| Untracked 
| 167|0x00000000d3b00000, 0x00000000d3b00000, 0x00000000d3c00000|  0%| F|  |TAMS 0x00000000d3b00000, 0x00000000d3b00000| Untracked 
| 168|0x00000000d3c00000, 0x00000000d3cb2c80, 0x00000000d3d00000| 69%| S|CS|TAMS 0x00000000d3c00000, 0x00000000d3c00000| Complete 
| 169|0x00000000d3d00000, 0x00000000d3e00000, 0x00000000d3e00000|100%| S|CS|TAMS 0x00000000d3d00000, 0x00000000d3d00000| Complete 
| 170|0x00000000d3e00000, 0x00000000d3e00000, 0x00000000d3f00000|  0%| F|  |TAMS 0x00000000d3e00000, 0x00000000d3e00000| Untracked 
| 171|0x00000000d3f00000, 0x00000000d3f00000, 0x00000000d4000000|  0%| F|  |TAMS 0x00000000d3f00000, 0x00000000d3f00000| Untracked 
| 172|0x00000000d4000000, 0x00000000d4000000, 0x00000000d4100000|  0%| F|  |TAMS 0x00000000d4000000, 0x00000000d4000000| Untracked 
| 173|0x00000000d4100000, 0x00000000d4100000, 0x00000000d4200000|  0%| F|  |TAMS 0x00000000d4100000, 0x00000000d4100000| Untracked 
| 174|0x00000000d4200000, 0x00000000d4200000, 0x00000000d4300000|  0%| F|  |TAMS 0x00000000d4200000, 0x00000000d4200000| Untracked 
| 175|0x00000000d4300000, 0x00000000d4300000, 0x00000000d4400000|  0%| F|  |TAMS 0x00000000d4300000, 0x00000000d4300000| Untracked 
| 176|0x00000000d4400000, 0x00000000d4400000, 0x00000000d4500000|  0%| F|  |TAMS 0x00000000d4400000, 0x00000000d4400000| Untracked 
| 177|0x00000000d4500000, 0x00000000d4500000, 0x00000000d4600000|  0%| F|  |TAMS 0x00000000d4500000, 0x00000000d4500000| Untracked 
| 178|0x00000000d4600000, 0x00000000d4600000, 0x00000000d4700000|  0%| F|  |TAMS 0x00000000d4600000, 0x00000000d4600000| Untracked 
| 179|0x00000000d4700000, 0x00000000d4700000, 0x00000000d4800000|  0%| F|  |TAMS 0x00000000d4700000, 0x00000000d4700000| Untracked 
| 180|0x00000000d4800000, 0x00000000d4800000, 0x00000000d4900000|  0%| F|  |TAMS 0x00000000d4800000, 0x00000000d4800000| Untracked 
| 181|0x00000000d4900000, 0x00000000d4900000, 0x00000000d4a00000|  0%| F|  |TAMS 0x00000000d4900000, 0x00000000d4900000| Untracked 
| 182|0x00000000d4a00000, 0x00000000d4a00000, 0x00000000d4b00000|  0%| F|  |TAMS 0x00000000d4a00000, 0x00000000d4a00000| Untracked 
| 183|0x00000000d4b00000, 0x00000000d4b00000, 0x00000000d4c00000|  0%| F|  |TAMS 0x00000000d4b00000, 0x00000000d4b00000| Untracked 
| 184|0x00000000d4c00000, 0x00000000d4c00000, 0x00000000d4d00000|  0%| F|  |TAMS 0x00000000d4c00000, 0x00000000d4c00000| Untracked 
| 185|0x00000000d4d00000, 0x00000000d4d00000, 0x00000000d4e00000|  0%| F|  |TAMS 0x00000000d4d00000, 0x00000000d4d00000| Untracked 
| 186|0x00000000d4e00000, 0x00000000d4e00000, 0x00000000d4f00000|  0%| F|  |TAMS 0x00000000d4e00000, 0x00000000d4e00000| Untracked 
| 187|0x00000000d4f00000, 0x00000000d4f00000, 0x00000000d5000000|  0%| F|  |TAMS 0x00000000d4f00000, 0x00000000d4f00000| Untracked 
| 188|0x00000000d5000000, 0x00000000d50c2e38, 0x00000000d5100000| 76%| E|  |TAMS 0x00000000d5000000, 0x00000000d5000000| Complete 
| 189|0x00000000d5100000, 0x00000000d5200000, 0x00000000d5200000|100%| E|CS|TAMS 0x00000000d5100000, 0x00000000d5100000| Complete 
| 190|0x00000000d5200000, 0x00000000d5300000, 0x00000000d5300000|100%| E|CS|TAMS 0x00000000d5200000, 0x00000000d5200000| Complete 
| 191|0x00000000d5300000, 0x00000000d5400000, 0x00000000d5400000|100%| E|CS|TAMS 0x00000000d5300000, 0x00000000d5300000| Complete 
| 192|0x00000000d5400000, 0x00000000d5500000, 0x00000000d5500000|100%| E|CS|TAMS 0x00000000d5400000, 0x00000000d5400000| Complete 

Card table byte_map: [0x0000027f4caa0000,0x0000027f4cc60000] _byte_map_base: 0x0000027f4c456000

Marking Bits (Prev, Next): (CMBitMap*) 0x0000027f4cd26570, (CMBitMap*) 0x0000027f4cd265b0
 Prev Bits: [0x0000027f5f380000, 0x0000027f60130000)
 Next Bits: [0x0000027f60130000, 0x0000027f60ee0000)

Polling page: 0x0000027f4c4a0000

Metaspace:

Usage:
  Non-class:     82.00 MB used.
      Class:      9.55 MB used.
       Both:     91.55 MB used.

Virtual space:
  Non-class space:      128.00 MB reserved,      82.19 MB ( 64%) committed,  2 nodes.
      Class space:        1.00 GB reserved,       9.75 MB ( <1%) committed,  1 nodes.
             Both:        1.12 GB reserved,      91.94 MB (  8%) committed. 

Chunk freelists:
   Non-Class:  13.75 MB
       Class:  6.22 MB
        Both:  19.97 MB

MaxMetaspaceSize: unlimited
CompressedClassSpaceSize: 1.00 GB
Initial GC threshold: 21.00 MB
Current GC threshold: 94.31 MB
CDS: off
MetaspaceReclaimPolicy: balanced
 - commit_granule_bytes: 65536.
 - commit_granule_words: 8192.
 - virtual_space_node_default_size: 8388608.
 - enlarge_chunks_in_place: 1.
 - new_chunks_are_fully_committed: 0.
 - uncommit_free_chunks: 1.
 - use_allocation_guard: 0.
 - handle_deallocations: 1.


Internal statistics:

num_allocs_failed_limit: 3.
num_arena_births: 466.
num_arena_deaths: 0.
num_vsnodes_births: 3.
num_vsnodes_deaths: 0.
num_space_committed: 1469.
num_space_uncommitted: 0.
num_chunks_returned_to_freelist: 3.
num_chunks_taken_from_freelist: 3567.
num_chunk_merges: 0.
num_chunk_splits: 2895.
num_chunks_enlarged: 2525.
num_inconsistent_stats: 0.

CodeHeap 'non-profiled nmethods': size=120064Kb used=11014Kb max_used=11142Kb free=109049Kb
 bounds [0x0000027f57c80000, 0x0000027f58770000, 0x0000027f5f1c0000]
CodeHeap 'profiled nmethods': size=120000Kb used=52496Kb max_used=52658Kb free=67503Kb
 bounds [0x0000027f501c0000, 0x0000027f53540000, 0x0000027f576f0000]
CodeHeap 'non-nmethods': size=5696Kb used=1414Kb max_used=1466Kb free=4281Kb
 bounds [0x0000027f576f0000, 0x0000027f57960000, 0x0000027f57c80000]
 total_blobs=17338 nmethods=16591 adapters=656
 compilation: enabled
              stopped_count=0, restarted_count=0
 full_count=0

Compilation events (20 events):
Event: 178.240 Thread 0x0000027f632fe070 20594       3       org.jetbrains.kotlin.backend.jvm.codegen.AnnotationCodegen$Companion::access$getRetentionPolicy (6 bytes)
Event: 178.240 Thread 0x0000027f632fe070 nmethod 20594 0x0000027f51997610 code [0x0000027f519977a0, 0x0000027f519978c8]
Event: 178.240 Thread 0x0000027f632fe070 20595       3       org.jetbrains.kotlin.backend.jvm.codegen.AnnotationCodegen$Companion::getRetentionPolicy (173 bytes)
Event: 178.243 Thread 0x0000027f632fe070 nmethod 20595 0x0000027f53535410 code [0x0000027f53535840, 0x0000027f53537478]
Event: 178.243 Thread 0x0000027f632fe070 20596       3       org.jetbrains.kotlin.descriptors.annotations.KotlinRetention::valueOf (10 bytes)
Event: 178.243 Thread 0x0000027f632fe070 nmethod 20596 0x0000027f522a6d10 code [0x0000027f522a6ec0, 0x0000027f522a70c8]
Event: 178.244 Thread 0x0000027f632fe070 20597       3       org.jetbrains.org.objectweb.asm.ClassWriter::visitAnnotation (40 bytes)
Event: 178.245 Thread 0x0000027f632fe070 nmethod 20597 0x0000027f50a6d890 code [0x0000027f50a6da40, 0x0000027f50a6dcf8]
Event: 178.245 Thread 0x0000027f632fe070 20598       3       org.jetbrains.kotlin.serialization.DescriptorSerializer::shouldSerializeHasStableParameterNames (32 bytes)
Event: 178.245 Thread 0x0000027f632fe070 nmethod 20598 0x0000027f51839f90 code [0x0000027f5183a140, 0x0000027f5183a478]
Event: 178.246 Thread 0x0000027f632fe070 20599       3       org.jetbrains.kotlin.backend.jvm.codegen.AnnotationCodegen::genAnnotationArguments (148 bytes)
Event: 178.250 Thread 0x0000027f632fe070 nmethod 20599 0x0000027f53537d90 code [0x0000027f535381e0, 0x0000027f5353a028]
Event: 178.263 Thread 0x0000027f632d5c10 nmethod 20590 0x0000027f5804da90 code [0x0000027f5804de00, 0x0000027f58052148]
Event: 178.263 Thread 0x0000027f632d5c10 20592       4       org.jetbrains.org.objectweb.asm.ByteVector::put12 (64 bytes)
Event: 178.274 Thread 0x0000027f632d5c10 nmethod 20592 0x0000027f584ae210 code [0x0000027f584ae3a0, 0x0000027f584ae878]
Event: 178.274 Thread 0x0000027f632d5c10 20584       4       org.jetbrains.kotlin.backend.jvm.codegen.ExpressionCodegen::markLineNumber (110 bytes)
Event: 178.287 Thread 0x0000027f632d5c10 nmethod 20584 0x0000027f584ad610 code [0x0000027f584ad7c0, 0x0000027f584adb98]
Event: 178.287 Thread 0x0000027f632d5c10 20583       4       org.jetbrains.org.objectweb.asm.SymbolTable$Entry::<init> (17 bytes)
Event: 178.290 Thread 0x0000027f632d5c10 nmethod 20583 0x0000027f5832bd10 code [0x0000027f5832be80, 0x0000027f5832c098]
Event: 178.290 Thread 0x0000027f632d5c10 20585       4       org.jetbrains.kotlin.backend.jvm.mapping.IrTypeMapper::computeClassInternalName (303 bytes)

GC Heap History (20 events):
Event: 172.418 GC heap before
{Heap before GC invocations=67 (full 0):
 garbage-first heap   total 167936K, used 145932K [0x00000000c9400000, 0x0000000100000000)
  region size 1024K, 10 young (10240K), 1 survivors (1024K)
 Metaspace       used 93387K, committed 93824K, reserved 1179648K
  class space    used 9771K, committed 9984K, reserved 1048576K
}
Event: 172.424 GC heap after
{Heap after GC invocations=68 (full 0):
 garbage-first heap   total 167936K, used 137661K [0x00000000c9400000, 0x0000000100000000)
  region size 1024K, 2 young (2048K), 2 survivors (2048K)
 Metaspace       used 93387K, committed 93824K, reserved 1179648K
  class space    used 9771K, committed 9984K, reserved 1048576K
}
Event: 172.897 GC heap before
{Heap before GC invocations=68 (full 0):
 garbage-first heap   total 167936K, used 145853K [0x00000000c9400000, 0x0000000100000000)
  region size 1024K, 10 young (10240K), 2 survivors (2048K)
 Metaspace       used 93457K, committed 93888K, reserved 1179648K
  class space    used 9773K, committed 9984K, reserved 1048576K
}
Event: 172.912 GC heap after
{Heap after GC invocations=69 (full 0):
 garbage-first heap   total 167936K, used 138448K [0x00000000c9400000, 0x0000000100000000)
  region size 1024K, 1 young (1024K), 1 survivors (1024K)
 Metaspace       used 93457K, committed 93888K, reserved 1179648K
  class space    used 9773K, committed 9984K, reserved 1048576K
}
Event: 173.254 GC heap before
{Heap before GC invocations=69 (full 0):
 garbage-first heap   total 167936K, used 146640K [0x00000000c9400000, 0x0000000100000000)
  region size 1024K, 9 young (9216K), 1 survivors (1024K)
 Metaspace       used 93545K, committed 93952K, reserved 1179648K
  class space    used 9778K, committed 9984K, reserved 1048576K
}
Event: 173.258 GC heap after
{Heap after GC invocations=70 (full 0):
 garbage-first heap   total 167936K, used 138974K [0x00000000c9400000, 0x0000000100000000)
  region size 1024K, 2 young (2048K), 2 survivors (2048K)
 Metaspace       used 93545K, committed 93952K, reserved 1179648K
  class space    used 9778K, committed 9984K, reserved 1048576K
}
Event: 173.535 GC heap before
{Heap before GC invocations=70 (full 0):
 garbage-first heap   total 167936K, used 146142K [0x00000000c9400000, 0x0000000100000000)
  region size 1024K, 9 young (9216K), 2 survivors (2048K)
 Metaspace       used 93607K, committed 94016K, reserved 1179648K
  class space    used 9778K, committed 9984K, reserved 1048576K
}
Event: 173.540 GC heap after
{Heap after GC invocations=71 (full 0):
 garbage-first heap   total 167936K, used 139562K [0x00000000c9400000, 0x0000000100000000)
  region size 1024K, 2 young (2048K), 2 survivors (2048K)
 Metaspace       used 93607K, committed 94016K, reserved 1179648K
  class space    used 9778K, committed 9984K, reserved 1048576K
}
Event: 174.437 GC heap before
{Heap before GC invocations=71 (full 0):
 garbage-first heap   total 167936K, used 145706K [0x00000000c9400000, 0x0000000100000000)
  region size 1024K, 8 young (8192K), 2 survivors (2048K)
 Metaspace       used 93626K, committed 94016K, reserved 1179648K
  class space    used 9778K, committed 9984K, reserved 1048576K
}
Event: 174.442 GC heap after
{Heap after GC invocations=72 (full 0):
 garbage-first heap   total 167936K, used 140342K [0x00000000c9400000, 0x0000000100000000)
  region size 1024K, 1 young (1024K), 1 survivors (1024K)
 Metaspace       used 93626K, committed 94016K, reserved 1179648K
  class space    used 9778K, committed 9984K, reserved 1048576K
}
Event: 175.179 GC heap before
{Heap before GC invocations=72 (full 0):
 garbage-first heap   total 167936K, used 147510K [0x00000000c9400000, 0x0000000100000000)
  region size 1024K, 8 young (8192K), 1 survivors (1024K)
 Metaspace       used 93631K, committed 94080K, reserved 1179648K
  class space    used 9778K, committed 9984K, reserved 1048576K
}
Event: 175.186 GC heap after
{Heap after GC invocations=73 (full 0):
 garbage-first heap   total 167936K, used 141464K [0x00000000c9400000, 0x0000000100000000)
  region size 1024K, 1 young (1024K), 1 survivors (1024K)
 Metaspace       used 93631K, committed 94080K, reserved 1179648K
  class space    used 9778K, committed 9984K, reserved 1048576K
}
Event: 175.227 GC heap before
{Heap before GC invocations=73 (full 0):
 garbage-first heap   total 167936K, used 148632K [0x00000000c9400000, 0x0000000100000000)
  region size 1024K, 8 young (8192K), 1 survivors (1024K)
 Metaspace       used 93632K, committed 94080K, reserved 1179648K
  class space    used 9778K, committed 9984K, reserved 1048576K
}
Event: 175.237 GC heap after
{Heap after GC invocations=74 (full 0):
 garbage-first heap   total 167936K, used 143952K [0x00000000c9400000, 0x0000000100000000)
  region size 1024K, 1 young (1024K), 1 survivors (1024K)
 Metaspace       used 93632K, committed 94080K, reserved 1179648K
  class space    used 9778K, committed 9984K, reserved 1048576K
}
Event: 175.355 GC heap before
{Heap before GC invocations=74 (full 0):
 garbage-first heap   total 167936K, used 151120K [0x00000000c9400000, 0x0000000100000000)
  region size 1024K, 8 young (8192K), 1 survivors (1024K)
 Metaspace       used 93633K, committed 94080K, reserved 1179648K
  class space    used 9778K, committed 9984K, reserved 1048576K
}
Event: 175.363 GC heap after
{Heap after GC invocations=75 (full 0):
 garbage-first heap   total 197632K, used 144639K [0x00000000c9400000, 0x0000000100000000)
  region size 1024K, 1 young (1024K), 1 survivors (1024K)
 Metaspace       used 93633K, committed 94080K, reserved 1179648K
  class space    used 9778K, committed 9984K, reserved 1048576K
}
Event: 176.197 GC heap before
{Heap before GC invocations=75 (full 0):
 garbage-first heap   total 197632K, used 165119K [0x00000000c9400000, 0x0000000100000000)
  region size 1024K, 21 young (21504K), 1 survivors (1024K)
 Metaspace       used 93705K, committed 94144K, reserved 1179648K
  class space    used 9778K, committed 9984K, reserved 1048576K
}
Event: 176.210 GC heap after
{Heap after GC invocations=76 (full 0):
 garbage-first heap   total 197632K, used 146381K [0x00000000c9400000, 0x0000000100000000)
  region size 1024K, 3 young (3072K), 3 survivors (3072K)
 Metaspace       used 93705K, committed 94144K, reserved 1179648K
  class space    used 9778K, committed 9984K, reserved 1048576K
}
Event: 176.443 GC heap before
{Heap before GC invocations=76 (full 0):
 garbage-first heap   total 197632K, used 166861K [0x00000000c9400000, 0x0000000100000000)
  region size 1024K, 23 young (23552K), 3 survivors (3072K)
 Metaspace       used 93728K, committed 94144K, reserved 1179648K
  class space    used 9778K, committed 9984K, reserved 1048576K
}
Event: 176.474 GC heap after
{Heap after GC invocations=77 (full 0):
 garbage-first heap   total 197632K, used 147689K [0x00000000c9400000, 0x0000000100000000)
  region size 1024K, 2 young (2048K), 2 survivors (2048K)
 Metaspace       used 93728K, committed 94144K, reserved 1179648K
  class space    used 9778K, committed 9984K, reserved 1048576K
}

Dll operation events (2 events):
Event: 0.144 Loaded shared library C:\Program Files\Android\Android Studio\jbr\bin\java.dll
Event: 17.921 Loaded shared library C:\Program Files\Android\Android Studio\jbr\bin\verify.dll

Deoptimization events (20 events):
Event: 176.408 Thread 0x0000027f4ccee980 DEOPT PACKING pc=0x0000027f53521f90 sp=0x000000c651efc180
Event: 176.408 Thread 0x0000027f4ccee980 DEOPT UNPACKING pc=0x0000027f57747143 sp=0x000000c651efb738 mode 0
Event: 176.684 Thread 0x0000027f4ccee980 DEOPT PACKING pc=0x0000027f52f4a20f sp=0x000000c651efd810
Event: 176.684 Thread 0x0000027f4ccee980 DEOPT UNPACKING pc=0x0000027f57747143 sp=0x000000c651efce58 mode 0
Event: 176.692 Thread 0x0000027f4ccee980 Uncommon trap: trap_request=0xffffff66 fr.pc=0x0000027f5812cd80 relative=0x0000000000006e80
Event: 176.692 Thread 0x0000027f4ccee980 Uncommon trap: reason=speculate_class_check action=maybe_recompile pc=0x0000027f5812cd80 method=org.jetbrains.kotlin.ir.util.IrUtilsKt.isFromJava(Lorg/jetbrains/kotlin/ir/declarations/IrDeclaration;)Z @ 8 c2
Event: 176.692 Thread 0x0000027f4ccee980 DEOPT PACKING pc=0x0000027f5812cd80 sp=0x000000c651efd8f0
Event: 176.692 Thread 0x0000027f4ccee980 DEOPT UNPACKING pc=0x0000027f577469a3 sp=0x000000c651efd790 mode 2
Event: 176.697 Thread 0x0000027f4ccee980 Uncommon trap: trap_request=0xffffff66 fr.pc=0x0000027f5812cd80 relative=0x0000000000006e80
Event: 176.697 Thread 0x0000027f4ccee980 Uncommon trap: reason=speculate_class_check action=maybe_recompile pc=0x0000027f5812cd80 method=org.jetbrains.kotlin.ir.util.IrUtilsKt.isFromJava(Lorg/jetbrains/kotlin/ir/declarations/IrDeclaration;)Z @ 8 c2
Event: 176.697 Thread 0x0000027f4ccee980 DEOPT PACKING pc=0x0000027f5812cd80 sp=0x000000c651efd8f0
Event: 176.697 Thread 0x0000027f4ccee980 DEOPT UNPACKING pc=0x0000027f577469a3 sp=0x000000c651efd790 mode 2
Event: 176.703 Thread 0x0000027f4ccee980 Uncommon trap: trap_request=0xffffff66 fr.pc=0x0000027f5812cd80 relative=0x0000000000006e80
Event: 176.703 Thread 0x0000027f4ccee980 Uncommon trap: reason=speculate_class_check action=maybe_recompile pc=0x0000027f5812cd80 method=org.jetbrains.kotlin.ir.util.IrUtilsKt.isFromJava(Lorg/jetbrains/kotlin/ir/declarations/IrDeclaration;)Z @ 8 c2
Event: 176.703 Thread 0x0000027f4ccee980 DEOPT PACKING pc=0x0000027f5812cd80 sp=0x000000c651efd8f0
Event: 176.703 Thread 0x0000027f4ccee980 DEOPT UNPACKING pc=0x0000027f577469a3 sp=0x000000c651efd790 mode 2
Event: 176.707 Thread 0x0000027f4ccee980 Uncommon trap: trap_request=0xffffff66 fr.pc=0x0000027f5812cd80 relative=0x0000000000006e80
Event: 176.707 Thread 0x0000027f4ccee980 Uncommon trap: reason=speculate_class_check action=maybe_recompile pc=0x0000027f5812cd80 method=org.jetbrains.kotlin.ir.util.IrUtilsKt.isFromJava(Lorg/jetbrains/kotlin/ir/declarations/IrDeclaration;)Z @ 8 c2
Event: 176.707 Thread 0x0000027f4ccee980 DEOPT PACKING pc=0x0000027f5812cd80 sp=0x000000c651efd8f0
Event: 176.707 Thread 0x0000027f4ccee980 DEOPT UNPACKING pc=0x0000027f577469a3 sp=0x000000c651efd790 mode 2

Classes unloaded (0 events):
No events

Classes redefined (0 events):
No events

Internal exceptions (20 events):
Event: 60.708 Thread 0x0000027f4ccee980 Exception <a 'java/lang/NoSuchMethodError'{0x00000000d0b81340}: 'java.lang.Object java.lang.invoke.Invokers$Holder.linkToTargetMethod(java.lang.Object, java.lang.Object, java.lang.Object, java.lang.Object, java.lang.Object, java.lang.Object, java.lang.Object)'> (0x00000000d0b81340) 
thrown [s\src\hotspot\share\interpreter\linkResolver.cpp, line 771]
Event: 74.461 Thread 0x0000027f4ccee980 Exception <a 'java/lang/NoSuchMethodError'{0x00000000d3577350}: 'java.lang.Object java.lang.invoke.DirectMethodHandle$Holder.invokeStatic(java.lang.Object, int, java.lang.Object)'> (0x00000000d3577350) 
thrown [s\src\hotspot\share\interpreter\linkResolver.cpp, line 771]
Event: 74.495 Thread 0x0000027f4ccee980 Exception <a 'java/lang/NoSuchMethodError'{0x00000000d35ab258}: 'java.lang.Object java.lang.invoke.DirectMethodHandle$Holder.newInvokeSpecial(java.lang.Object, int, java.lang.Object)'> (0x00000000d35ab258) 
thrown [s\src\hotspot\share\interpreter\linkResolver.cpp, line 771]
Event: 74.498 Thread 0x0000027f4ccee980 Exception <a 'java/lang/NoSuchMethodError'{0x00000000d35b2f60}: 'int java.lang.invoke.DirectMethodHandle$Holder.invokeInterface(java.lang.Object, java.lang.Object)'> (0x00000000d35b2f60) 
thrown [s\src\hotspot\share\interpreter\linkResolver.cpp, line 771]
Event: 75.285 Thread 0x0000027f4ccee980 Exception <a 'java/lang/NoSuchMethodError'{0x00000000d32bbc08}: 'java.lang.Object java.lang.invoke.DirectMethodHandle$Holder.newInvokeSpecial(java.lang.Object, int, java.lang.Object, java.lang.Object)'> (0x00000000d32bbc08) 
thrown [s\src\hotspot\share\interpreter\linkResolver.cpp, line 771]
Event: 80.201 Thread 0x0000027f4ccee980 Implicit null exception at 0x0000027f57d986b4 to 0x0000027f57d98741
Event: 81.017 Thread 0x0000027f4ccee980 Implicit null exception at 0x0000027f5807433f to 0x0000027f58074ae4
Event: 111.322 Thread 0x0000027f4ccee980 Implicit null exception at 0x0000027f57d2170c to 0x0000027f57d21960
Event: 119.235 Thread 0x0000027f4ccee980 Exception <a 'java/lang/NoSuchMethodError'{0x00000000d3177238}: 'java.lang.Object java.lang.invoke.DirectMethodHandle$Holder.newInvokeSpecial(java.lang.Object, java.lang.Object, java.lang.Object, int, int)'> (0x00000000d3177238) 
thrown [s\src\hotspot\share\interpreter\linkResolver.cpp, line 771]
Event: 119.237 Thread 0x0000027f4ccee980 Exception <a 'java/lang/NoSuchMethodError'{0x00000000d317b078}: 'java.lang.Object java.lang.invoke.DirectMethodHandle$Holder.invokeSpecial(java.lang.Object, java.lang.Object, java.lang.Object, java.lang.Object, int, int)'> (0x00000000d317b078) 
thrown [s\src\hotspot\share\interpreter\linkResolver.cpp, line 771]
Event: 123.056 Thread 0x0000027f4ccee980 Exception <a 'java/lang/NoSuchMethodError'{0x00000000d2446588}: 'java.lang.Object java.lang.invoke.DirectMethodHandle$Holder.invokeSpecial(java.lang.Object, java.lang.Object, int, int, java.lang.Object, java.lang.Object, java.lang.Object, java.lang.Object, java.lang.Object)'> (0x00000000d2446588) 
thrown [s\src\hotspot\share\interpreter\linkResolver.cpp, line 771]
Event: 123.160 Thread 0x0000027f4ccee980 Implicit null exception at 0x0000027f57cebd90 to 0x0000027f57cec038
Event: 123.189 Thread 0x0000027f4ccee980 Exception <a 'java/lang/NoSuchMethodError'{0x00000000d230b660}: 'java.lang.Object java.lang.invoke.DirectMethodHandle$Holder.newInvokeSpecial(java.lang.Object, java.lang.Object, int, int, java.lang.Object, java.lang.Object, java.lang.Object)'> (0x00000000d230b660) 
thrown [s\src\hotspot\share\interpreter\linkResolver.cpp, line 771]
Event: 123.189 Thread 0x0000027f4ccee980 Exception <a 'java/lang/NoSuchMethodError'{0x00000000d230ff08}: 'java.lang.Object java.lang.invoke.DirectMethodHandle$Holder.invokeSpecial(java.lang.Object, java.lang.Object, java.lang.Object, int, int, java.lang.Object, java.lang.Object, java.lang.Object)'> (0x00000000d230ff08) 
thrown [s\src\hotspot\share\interpreter\linkResolver.cpp, line 771]
Event: 151.731 Thread 0x0000027f4ccee980 Implicit null exception at 0x0000027f583c6883 to 0x0000027f583c6fb8
Event: 153.346 Thread 0x0000027f4ccee980 Implicit null exception at 0x0000027f5845fb0e to 0x0000027f58460388
Event: 155.951 Thread 0x0000027f4ccee980 Implicit null exception at 0x0000027f585663c8 to 0x0000027f5856736c
Event: 159.441 Thread 0x0000027f4ccee980 Implicit null exception at 0x0000027f585c8d7e to 0x0000027f585c9d14
Event: 169.513 Thread 0x0000027f4ccee980 Implicit null exception at 0x0000027f581473c7 to 0x0000027f58147485
Event: 172.401 Thread 0x0000027f4ccee980 Implicit null exception at 0x0000027f58632072 to 0x0000027f58637210

VM Operations (20 events):
Event: 173.540 Executing VM operation: G1CollectForAllocation done
Event: 173.673 Executing VM operation: HandshakeAllThreads
Event: 173.780 Executing VM operation: HandshakeAllThreads done
Event: 174.437 Executing VM operation: G1CollectForAllocation
Event: 174.442 Executing VM operation: G1CollectForAllocation done
Event: 175.179 Executing VM operation: G1CollectForAllocation
Event: 175.189 Executing VM operation: G1CollectForAllocation done
Event: 175.227 Executing VM operation: G1CollectForAllocation
Event: 175.241 Executing VM operation: G1CollectForAllocation done
Event: 175.355 Executing VM operation: G1CollectForAllocation
Event: 175.363 Executing VM operation: G1CollectForAllocation done
Event: 175.600 Executing VM operation: HandshakeAllThreads
Event: 175.602 Executing VM operation: HandshakeAllThreads done
Event: 176.197 Executing VM operation: G1CollectForAllocation
Event: 176.210 Executing VM operation: G1CollectForAllocation done
Event: 176.443 Executing VM operation: G1CollectForAllocation
Event: 176.475 Executing VM operation: G1CollectForAllocation done
Event: 177.502 Executing VM operation: Cleanup
Event: 177.962 Executing VM operation: Cleanup done
Event: 178.500 Executing VM operation: G1PauseRemark

Events (20 events):
Event: 175.663 Thread 0x0000027f632fe590 flushing nmethod 0x0000027f5272a910
Event: 175.664 Thread 0x0000027f632fe590 flushing nmethod 0x0000027f527a9910
Event: 175.664 Thread 0x0000027f632fe590 flushing nmethod 0x0000027f527bac90
Event: 175.664 Thread 0x0000027f632fe590 flushing nmethod 0x0000027f527c2310
Event: 175.664 Thread 0x0000027f632fe590 flushing nmethod 0x0000027f527d7c90
Event: 175.664 Thread 0x0000027f632fe590 flushing nmethod 0x0000027f527e0290
Event: 175.664 Thread 0x0000027f632fe590 flushing nmethod 0x0000027f527ead90
Event: 175.667 Thread 0x0000027f632fe590 flushing nmethod 0x0000027f52914e10
Event: 175.667 Thread 0x0000027f632fe590 flushing nmethod 0x0000027f52a11010
Event: 175.669 Thread 0x0000027f632fe590 flushing nmethod 0x0000027f52c68690
Event: 175.669 Thread 0x0000027f632fe590 flushing nmethod 0x0000027f52c79610
Event: 175.669 Thread 0x0000027f632fe590 flushing nmethod 0x0000027f52c83810
Event: 175.671 Thread 0x0000027f632fe590 flushing nmethod 0x0000027f52eb3310
Event: 175.671 Thread 0x0000027f632fe590 flushing nmethod 0x0000027f52f2fa90
Event: 175.671 Thread 0x0000027f632fe590 flushing nmethod 0x0000027f52f3c710
Event: 175.671 Thread 0x0000027f632fe590 flushing nmethod 0x0000027f52f4af90
Event: 175.672 Thread 0x0000027f632fe590 flushing nmethod 0x0000027f52f9cb90
Event: 175.672 Thread 0x0000027f632fe590 flushing nmethod 0x0000027f52fab990
Event: 175.672 Thread 0x0000027f632fe590 flushing nmethod 0x0000027f52fc6d90
Event: 175.674 Thread 0x0000027f632fe590 flushing nmethod 0x0000027f5315aa90


Dynamic libraries:
0x00007ff6c7620000 - 0x00007ff6c762a000 	C:\Program Files\Android\Android Studio\jbr\bin\java.exe
0x00007fffc6130000 - 0x00007fffc6347000 	C:\WINDOWS\SYSTEM32\ntdll.dll
0x00007fffc4b70000 - 0x00007fffc4c34000 	C:\WINDOWS\System32\KERNEL32.DLL
0x00007fffc37a0000 - 0x00007fffc3b5a000 	C:\WINDOWS\System32\KERNELBASE.dll
0x00007fffc3600000 - 0x00007fffc3711000 	C:\WINDOWS\System32\ucrtbase.dll
0x00007fffab720000 - 0x00007fffab737000 	C:\Program Files\Android\Android Studio\jbr\bin\jli.dll
0x00007fffbdfd0000 - 0x00007fffbdfeb000 	C:\Program Files\Android\Android Studio\jbr\bin\VCRUNTIME140.dll
0x00007fffc41d0000 - 0x00007fffc437e000 	C:\WINDOWS\System32\USER32.dll
0x00007fffc33f0000 - 0x00007fffc3416000 	C:\WINDOWS\System32\win32u.dll
0x00007fffc3f00000 - 0x00007fffc3f29000 	C:\WINDOWS\System32\GDI32.dll
0x00007fffc3b90000 - 0x00007fffc3cab000 	C:\WINDOWS\System32\gdi32full.dll
0x00007fffc3560000 - 0x00007fffc35fa000 	C:\WINDOWS\System32\msvcp_win.dll
0x00007fffaccf0000 - 0x00007fffacf82000 	C:\WINDOWS\WinSxS\amd64_microsoft.windows.common-controls_6595b64144ccf1df_6.0.22621.4541_none_2710d1c57384c085\COMCTL32.dll
0x00007fffc4c60000 - 0x00007fffc4d07000 	C:\WINDOWS\System32\msvcrt.dll
0x00007fffc4390000 - 0x00007fffc43c1000 	C:\WINDOWS\System32\IMM32.DLL
0x00007fffbe040000 - 0x00007fffbe04c000 	C:\Program Files\Android\Android Studio\jbr\bin\vcruntime140_1.dll
0x00007fffa6cc0000 - 0x00007fffa6d4d000 	C:\Program Files\Android\Android Studio\jbr\bin\msvcp140.dll
0x00007fff7d9a0000 - 0x00007fff7e623000 	C:\Program Files\Android\Android Studio\jbr\bin\server\jvm.dll
0x00007fffc4100000 - 0x00007fffc41b2000 	C:\WINDOWS\System32\ADVAPI32.dll
0x00007fffc4ed0000 - 0x00007fffc4f77000 	C:\WINDOWS\System32\sechost.dll
0x00007fffc3b60000 - 0x00007fffc3b88000 	C:\WINDOWS\System32\bcrypt.dll
0x00007fffc5e10000 - 0x00007fffc5f24000 	C:\WINDOWS\System32\RPCRT4.dll
0x00007fffc32c0000 - 0x00007fffc330d000 	C:\WINDOWS\SYSTEM32\POWRPROF.dll
0x00007fffb6af0000 - 0x00007fffb6af9000 	C:\WINDOWS\SYSTEM32\WSOCK32.dll
0x00007fffc48d0000 - 0x00007fffc4941000 	C:\WINDOWS\System32\WS2_32.dll
0x00007fffbd230000 - 0x00007fffbd264000 	C:\WINDOWS\SYSTEM32\WINMM.dll
0x00007fffb9d50000 - 0x00007fffb9d5a000 	C:\WINDOWS\SYSTEM32\VERSION.dll
0x00007fffc32a0000 - 0x00007fffc32b3000 	C:\WINDOWS\SYSTEM32\UMPDC.dll
0x00007fffc2430000 - 0x00007fffc2448000 	C:\WINDOWS\SYSTEM32\kernel.appcore.dll
0x00007fffb6ae0000 - 0x00007fffb6aea000 	C:\Program Files\Android\Android Studio\jbr\bin\jimage.dll
0x00007fffc0ea0000 - 0x00007fffc10d2000 	C:\WINDOWS\SYSTEM32\DBGHELP.DLL
0x00007fffc43d0000 - 0x00007fffc4761000 	C:\WINDOWS\System32\combase.dll
0x00007fffc3e20000 - 0x00007fffc3ef7000 	C:\WINDOWS\System32\OLEAUT32.dll
0x00007fffa3360000 - 0x00007fffa3392000 	C:\WINDOWS\SYSTEM32\dbgcore.DLL
0x00007fffc3720000 - 0x00007fffc379b000 	C:\WINDOWS\System32\bcryptPrimitives.dll
0x00007fffac9d0000 - 0x00007fffac9f5000 	C:\Program Files\Android\Android Studio\jbr\bin\java.dll
0x00007fffb6ac0000 - 0x00007fffb6ad8000 	C:\Program Files\Android\Android Studio\jbr\bin\zip.dll
0x00007fffc5500000 - 0x00007fffc5d79000 	C:\WINDOWS\System32\SHELL32.dll
0x00007fffc10e0000 - 0x00007fffc19e9000 	C:\WINDOWS\SYSTEM32\windows.storage.dll
0x00007fffc1b10000 - 0x00007fffc1c4f000 	C:\WINDOWS\SYSTEM32\wintypes.dll
0x00007fffc5400000 - 0x00007fffc54fa000 	C:\WINDOWS\System32\SHCORE.dll
0x00007fffc4860000 - 0x00007fffc48be000 	C:\WINDOWS\System32\shlwapi.dll
0x00007fffc3320000 - 0x00007fffc334b000 	C:\WINDOWS\SYSTEM32\profapi.dll
0x00007fffac870000 - 0x00007fffac889000 	C:\Program Files\Android\Android Studio\jbr\bin\net.dll
0x00007fffbcf20000 - 0x00007fffbd056000 	C:\WINDOWS\SYSTEM32\WINHTTP.dll
0x00007fffc28b0000 - 0x00007fffc2919000 	C:\WINDOWS\system32\mswsock.dll
0x00007fffac030000 - 0x00007fffac046000 	C:\Program Files\Android\Android Studio\jbr\bin\nio.dll
0x00007fffac090000 - 0x00007fffac0a0000 	C:\Program Files\Android\Android Studio\jbr\bin\verify.dll

dbghelp: loaded successfully - version: 4.0.5 - missing functions: none
symbol engine: initialized successfully - sym options: 0x614 - pdb path: .;C:\Program Files\Android\Android Studio\jbr\bin;C:\WINDOWS\SYSTEM32;C:\WINDOWS\WinSxS\amd64_microsoft.windows.common-controls_6595b64144ccf1df_6.0.22621.4541_none_2710d1c57384c085;C:\Program Files\Android\Android Studio\jbr\bin\server

VM Arguments:
java_command: org.jetbrains.kotlin.cli.jvm.K2JVMCompiler @C:\Users\fredy\AndroidStudioProjects\ReservasGO_DADM\app\build\20250120_17415110484805556957.compiler.options
java_class_path (initial): C:\Users\fredy\.gradle\caches\modules-2\files-2.1\org.jetbrains.kotlin\kotlin-compiler-embeddable\1.9.0\2c8c3a7402becca891f12739b3e9fd2dc2adbd7a\kotlin-compiler-embeddable-1.9.0.jar;C:\Users\fredy\.gradle\caches\modules-2\files-2.1\org.jetbrains.kotlin\kotlin-stdlib\1.9.0\8ee15ef0c67dc83d874f412d84378d7f0eb50b63\kotlin-stdlib-1.9.0.jar;C:\Users\fredy\.gradle\caches\modules-2\files-2.1\org.jetbrains.kotlin\kotlin-script-runtime\1.9.0\4b3102cbbb7e1b58d9d1adf89563f00069ffa7d1\kotlin-script-runtime-1.9.0.jar;C:\Users\fredy\.gradle\caches\modules-2\files-2.1\org.jetbrains.kotlin\kotlin-reflect\1.6.10\1cbe9c92c12a94eea200d23c2bbaedaf3daf5132\kotlin-reflect-1.6.10.jar;C:\Users\fredy\.gradle\caches\modules-2\files-2.1\org.jetbrains.kotlin\kotlin-daemon-embeddable\1.9.0\186543f5e28cf8d9a0290fecc2cf34301c40a65c\kotlin-daemon-embeddable-1.9.0.jar;C:\Users\fredy\.gradle\caches\modules-2\files-2.1\org.jetbrains.intellij.deps\trove4j\1.0.20200330\3afb14d5f9ceb459d724e907a21145e8ff394f02\trove4j-1.0.20200330.jar;C:\Users\fredy\.gradle\caches\modules-2\files-2.1\org.jetbrains.kotlin\kotlin-stdlib-common\1.9.0\cd65c21cfd1eec4d44ef09f9f52b6d9f8a720636\kotlin-stdlib-common-1.9.0.jar;C:\Users\fredy\.gradle\caches\modules-2\files-2.1\org.jetbrains\annotations\13.0\919f0dfe192fb4e063e7dacadee7f8bb9a2672a9\annotations-13.0.jar
Launcher Type: SUN_STANDARD

[Global flags]
     intx CICompilerCount                          = 2                                         {product} {ergonomic}
     uint ConcGCThreads                            = 1                                         {product} {ergonomic}
     uint G1ConcRefinementThreads                  = 2                                         {product} {ergonomic}
   size_t G1HeapRegionSize                         = 1048576                                   {product} {ergonomic}
    uintx GCDrainStackTargetSize                   = 64                                        {product} {ergonomic}
   size_t InitialHeapSize                          = 58720256                                  {product} {ergonomic}
   size_t MarkStackSize                            = 4194304                                   {product} {ergonomic}
   size_t MaxHeapSize                              = 918552576                                 {product} {ergonomic}
   size_t MaxNewSize                               = 550502400                                 {product} {ergonomic}
   size_t MinHeapDeltaBytes                        = 1048576                                   {product} {ergonomic}
   size_t MinHeapSize                              = 8388608                                   {product} {ergonomic}
    uintx NonNMethodCodeHeapSize                   = 5826188                                {pd product} {ergonomic}
    uintx NonProfiledCodeHeapSize                  = 122916026                              {pd product} {ergonomic}
    uintx ProfiledCodeHeapSize                     = 122916026                              {pd product} {ergonomic}
    uintx ReservedCodeCacheSize                    = 251658240                              {pd product} {ergonomic}
     bool SegmentedCodeCache                       = true                                      {product} {ergonomic}
   size_t SoftMaxHeapSize                          = 918552576                              {manageable} {ergonomic}
     bool UseCompressedClassPointers               = true                           {product lp64_product} {ergonomic}
     bool UseCompressedOops                        = true                           {product lp64_product} {ergonomic}
     bool UseG1GC                                  = true                                      {product} {ergonomic}
     bool UseLargePagesIndividualAllocation        = false                                  {pd product} {ergonomic}

Logging:
Log output configuration:
 #0: stdout all=warning uptime,level,tags
 #1: stderr all=off uptime,level,tags

Environment Variables:
PATH=C:\Program Files\Microsoft MPI\Bin\;C:\Program Files\Common Files\Oracle\Java\javapath;C:\Program Files (x86)\Common Files\Oracle\Java\javapath;C:\windows\system32;C:\windows;C:\windows\System32\Wbem;C:\windows\System32\WindowsPowerShell\v1.0\;C:\windows\System32\OpenSSH\;C:\WINDOWS\system32;C:\WINDOWS;C:\WINDOWS\System32\Wbem;C:\WINDOWS\System32\WindowsPowerShell\v1.0\;C:\WINDOWS\System32\OpenSSH\;C:\jdk-20.0.2\bin;C:\MinGW\bin;C:\Program Files\ZeroC\Ice-3.7.10\bin;C:\Program Files (x86)\Microsoft SQL Server\160\Tools\Binn\;C:\Program Files\Microsoft SQL Server\160\Tools\Binn\;C:\Program Files\Microsoft SQL Server\Client SDK\ODBC\170\Tools\Binn\;C:\Program Files\Microsoft SQL Server\160\DTS\Binn\;C:\Program Files\HP\HP One Agent;C:\apache-maven-3.9.9\bin;C:\Program Files\MySQL\MySQL Server 8.0\bin;C:\scripts\;C:\ProgramData\chocolatey\bin;C:\Users\fredy\AppData\Local\Programs\Python\Python311;C:\Users\fredy\AppData\Local\Programs\Python\Python311\Scripts;C:\Program Files\Git\cmd;C:\Users\fredy\AppData\Local\Microsoft\WindowsApps;;C:\Users\fredy\AppData\Local\Programs\Microsoft VS Code\bin;C:\Program Files\Azure Data Studio\bin;C:\Program Files\JetBrains\IntelliJ IDEA 2024.2.1\bin;;C:\Program Files\JetBrains\IntelliJ IDEA Community Edition 2024.2.1\bin;
USERNAME=fredy
OS=Windows_NT
PROCESSOR_IDENTIFIER=AMD64 Family 23 Model 32 Stepping 1, AuthenticAMD
TMP=C:\Users\fredy\AppData\Local\Temp
TEMP=C:\Users\fredy\AppData\Local\Temp



Periodic native trim disabled

JNI global refs:
JNI global refs: 8, weak refs: 0

JNI global refs memory usage: 843, weak refs: 841

Process memory usage:
Resident Set Size: 290556K (8% of 3587896K total physical memory with 55512K free physical memory)

OOME stack traces (most recent first):
Classloader memory used:
Loader jdk.internal.loader.ClassLoaders$AppClassLoader                                 : 9924K
Loader bootstrap                                                                       : 1467K
Loader java.net.URLClassLoader                                                         : 304K
Loader jdk.internal.reflect.DelegatingClassLoader                                      : 21847B


---------------  S Y S T E M  ---------------

OS:
 Windows 11 , 64 bit Build 22621 (10.0.22621.4391)
OS uptime: 0 days 2:26 hours

CPU: total 2 (initial active 2) (2 cores per cpu, 1 threads per core) family 23 model 32 stepping 1 microcode 0x0, cx8, cmov, fxsr, mmx, 3dnowpref, sse, sse2, sse3, ssse3, sse4a, sse4.1, sse4.2, popcnt, lzcnt, tsc, tscinvbit, avx, avx2, aes, clmul, bmi1, bmi2, adx, sha, fma, vzeroupper, clflush, clflushopt
Processor Information for all 2 processors :
  Max Mhz: 1200, Current Mhz: 1200, Mhz Limit: 1200

Memory: 4k page, system-wide physical 3503M (53M free)
TotalPageFile size 14255M (AvailPageFile size 54M)
current process WorkingSet (physical memory assigned to process): 291M, peak: 303M
current process commit charge ("private bytes"): 471M, peak: 526M

vm_info: OpenJDK 64-Bit Server VM (17.0.11+0--11852314) for windows-amd64 JRE (17.0.11+0--11852314), built on May 16 2024 21:29:20 by "androidbuild" with MS VC++ 16.10 / 16.11 (VS2019)

END.
